mode: set
core/internal/warehouse/advanced_features.go:458.91,460.2 1 1
core/internal/warehouse/advanced_features.go:463.105,468.2 4 1
core/internal/warehouse/advanced_features.go:471.122,473.16 2 1
core/internal/warehouse/advanced_features.go:473.16,475.3 1 0
core/internal/warehouse/advanced_features.go:478.2,492.60 3 1
core/internal/warehouse/advanced_features.go:492.60,494.3 1 0
core/internal/warehouse/advanced_features.go:497.2,501.19 4 1
core/internal/warehouse/advanced_features.go:505.97,510.21 2 1
core/internal/warehouse/advanced_features.go:511.16,513.47 1 1
core/internal/warehouse/advanced_features.go:513.47,519.4 1 1
core/internal/warehouse/advanced_features.go:520.13,520.13 0 0
core/internal/warehouse/advanced_features.go:523.14,523.14 0 0
core/internal/warehouse/advanced_features.go:527.2,527.18 1 1
core/internal/warehouse/advanced_features.go:531.143,533.16 2 1
core/internal/warehouse/advanced_features.go:533.16,535.3 1 0
core/internal/warehouse/advanced_features.go:537.2,538.33 2 1
core/internal/warehouse/advanced_features.go:538.33,539.50 1 1
core/internal/warehouse/advanced_features.go:539.50,546.9 7 1
core/internal/warehouse/advanced_features.go:550.2,551.38 2 1
core/internal/warehouse/advanced_features.go:551.38,553.3 1 1
core/internal/warehouse/advanced_features.go:554.2,556.44 2 1
core/internal/warehouse/advanced_features.go:560.88,567.2 6 1
core/internal/warehouse/advanced_features.go:570.188,572.16 2 1
core/internal/warehouse/advanced_features.go:572.16,574.3 1 0
core/internal/warehouse/advanced_features.go:576.2,592.32 2 1
core/internal/warehouse/advanced_features.go:592.32,594.30 2 1
core/internal/warehouse/advanced_features.go:594.30,596.4 1 1
core/internal/warehouse/advanced_features.go:597.8,597.37 1 1
core/internal/warehouse/advanced_features.go:597.37,599.33 2 1
core/internal/warehouse/advanced_features.go:599.33,601.4 1 1
core/internal/warehouse/advanced_features.go:604.2,606.55 2 1
core/internal/warehouse/advanced_features.go:606.55,608.3 1 0
core/internal/warehouse/advanced_features.go:610.2,610.50 1 1
core/internal/warehouse/advanced_features.go:614.158,617.16 2 1
core/internal/warehouse/advanced_features.go:617.16,619.3 1 0
core/internal/warehouse/advanced_features.go:621.2,632.62 2 1
core/internal/warehouse/advanced_features.go:632.62,634.33 2 1
core/internal/warehouse/advanced_features.go:634.33,636.4 1 1
core/internal/warehouse/advanced_features.go:636.9,638.4 1 1
core/internal/warehouse/advanced_features.go:641.3,641.24 1 1
core/internal/warehouse/advanced_features.go:641.24,653.34 2 1
core/internal/warehouse/advanced_features.go:653.34,655.5 1 1
core/internal/warehouse/advanced_features.go:656.4,656.38 1 1
core/internal/warehouse/advanced_features.go:660.2,660.47 1 1
core/internal/warehouse/advanced_features.go:664.173,677.31 2 1
core/internal/warehouse/advanced_features.go:677.31,679.17 2 1
core/internal/warehouse/advanced_features.go:679.17,684.4 4 1
core/internal/warehouse/advanced_features.go:687.2,687.57 1 1
core/internal/warehouse/advanced_features.go:687.57,689.3 1 0
core/internal/warehouse/advanced_features.go:691.2,691.18 1 1
core/internal/warehouse/advanced_features.go:695.100,697.16 2 1
core/internal/warehouse/advanced_features.go:697.16,699.3 1 0
core/internal/warehouse/advanced_features.go:701.2,702.16 2 1
core/internal/warehouse/advanced_features.go:702.16,704.3 1 0
core/internal/warehouse/advanced_features.go:706.2,706.28 1 1
core/internal/warehouse/advanced_features.go:706.28,708.3 1 1
core/internal/warehouse/advanced_features.go:710.2,719.56 8 1
core/internal/warehouse/advanced_features.go:719.56,721.3 1 0
core/internal/warehouse/advanced_features.go:723.2,723.42 1 1
core/internal/warehouse/advanced_features.go:727.118,729.16 2 1
core/internal/warehouse/advanced_features.go:729.16,741.3 1 1
core/internal/warehouse/advanced_features.go:743.2,747.70 3 1
core/internal/warehouse/advanced_features.go:747.70,749.3 1 0
core/internal/warehouse/advanced_features.go:751.2,754.42 2 1
core/internal/warehouse/advanced_features.go:754.42,758.3 3 1
core/internal/warehouse/advanced_features.go:760.2,762.49 2 1
core/internal/warehouse/advanced_features.go:766.128,768.16 2 1
core/internal/warehouse/advanced_features.go:768.16,770.3 1 0
core/internal/warehouse/advanced_features.go:773.2,773.54 1 1
core/internal/warehouse/advanced_features.go:773.54,775.3 1 1
core/internal/warehouse/advanced_features.go:778.2,778.37 1 1
core/internal/warehouse/advanced_features.go:778.37,780.3 1 1
core/internal/warehouse/advanced_features.go:782.2,782.25 1 1
core/internal/warehouse/advanced_features.go:786.114,788.16 2 1
core/internal/warehouse/advanced_features.go:788.16,790.3 1 0
core/internal/warehouse/advanced_features.go:792.2,796.43 2 1
core/internal/warehouse/advanced_features.go:796.43,797.51 1 1
core/internal/warehouse/advanced_features.go:797.51,806.4 5 1
core/internal/warehouse/advanced_features.go:809.2,809.30 1 1
core/internal/warehouse/advanced_features.go:809.30,812.3 2 1
core/internal/warehouse/advanced_features.go:814.2,814.29 1 1
core/internal/warehouse/cross_docking.go:174.70,176.2 1 1
core/internal/warehouse/cross_docking.go:179.274,181.23 1 1
core/internal/warehouse/cross_docking.go:181.23,183.3 1 1
core/internal/warehouse/cross_docking.go:184.2,184.24 1 1
core/internal/warehouse/cross_docking.go:184.24,186.3 1 1
core/internal/warehouse/cross_docking.go:189.2,189.25 1 1
core/internal/warehouse/cross_docking.go:189.25,192.3 2 1
core/internal/warehouse/cross_docking.go:193.2,193.26 1 1
core/internal/warehouse/cross_docking.go:193.26,196.3 2 1
core/internal/warehouse/cross_docking.go:198.2,216.31 3 1
core/internal/warehouse/cross_docking.go:216.31,218.3 1 1
core/internal/warehouse/cross_docking.go:220.2,220.64 1 1
core/internal/warehouse/cross_docking.go:220.64,222.3 1 0
core/internal/warehouse/cross_docking.go:224.2,224.19 1 1
core/internal/warehouse/cross_docking.go:228.86,230.16 2 1
core/internal/warehouse/cross_docking.go:230.16,232.3 1 0
core/internal/warehouse/cross_docking.go:234.2,234.46 1 1
core/internal/warehouse/cross_docking.go:234.46,236.3 1 1
core/internal/warehouse/cross_docking.go:238.2,244.24 5 1
core/internal/warehouse/cross_docking.go:244.24,246.17 2 1
core/internal/warehouse/cross_docking.go:246.17,250.4 3 1
core/internal/warehouse/cross_docking.go:253.2,253.48 1 1
core/internal/warehouse/cross_docking.go:257.146,259.16 2 1
core/internal/warehouse/cross_docking.go:259.16,261.3 1 0
core/internal/warehouse/cross_docking.go:263.2,263.46 1 1
core/internal/warehouse/cross_docking.go:263.46,265.3 1 1
core/internal/warehouse/cross_docking.go:267.2,270.40 3 1
core/internal/warehouse/cross_docking.go:270.40,271.49 1 1
core/internal/warehouse/cross_docking.go:271.49,277.51 4 1
core/internal/warehouse/cross_docking.go:277.51,279.53 2 1
core/internal/warehouse/cross_docking.go:279.53,281.6 1 1
core/internal/warehouse/cross_docking.go:284.4,285.9 2 1
core/internal/warehouse/cross_docking.go:289.2,289.12 1 1
core/internal/warehouse/cross_docking.go:289.12,291.3 1 0
core/internal/warehouse/cross_docking.go:293.2,294.48 2 1
core/internal/warehouse/cross_docking.go:298.122,300.16 2 1
core/internal/warehouse/cross_docking.go:300.16,302.3 1 0
core/internal/warehouse/cross_docking.go:304.2,304.40 1 1
core/internal/warehouse/cross_docking.go:304.40,305.49 1 1
core/internal/warehouse/cross_docking.go:305.49,309.51 2 1
core/internal/warehouse/cross_docking.go:309.51,311.5 1 1
core/internal/warehouse/cross_docking.go:312.4,312.9 1 1
core/internal/warehouse/cross_docking.go:316.2,317.48 2 1
core/internal/warehouse/cross_docking.go:321.84,323.16 2 1
core/internal/warehouse/cross_docking.go:323.16,325.3 1 0
core/internal/warehouse/cross_docking.go:328.2,328.49 1 1
core/internal/warehouse/cross_docking.go:328.49,329.65 1 1
core/internal/warehouse/cross_docking.go:329.65,331.4 1 1
core/internal/warehouse/cross_docking.go:334.2,337.48 3 1
core/internal/warehouse/cross_docking.go:341.125,344.16 2 1
core/internal/warehouse/cross_docking.go:344.16,346.3 1 0
core/internal/warehouse/cross_docking.go:348.2,348.44 1 1
core/internal/warehouse/cross_docking.go:348.44,350.3 1 0
core/internal/warehouse/cross_docking.go:352.2,352.41 1 1
core/internal/warehouse/cross_docking.go:352.41,354.33 2 1
core/internal/warehouse/cross_docking.go:354.33,355.12 1 0
core/internal/warehouse/cross_docking.go:358.3,358.51 1 1
core/internal/warehouse/cross_docking.go:358.51,360.58 2 1
core/internal/warehouse/cross_docking.go:360.58,362.5 1 1
core/internal/warehouse/cross_docking.go:367.2,367.40 1 1
core/internal/warehouse/cross_docking.go:367.40,369.3 1 1
core/internal/warehouse/cross_docking.go:371.2,372.48 2 1
core/internal/warehouse/cross_docking.go:376.84,378.16 2 1
core/internal/warehouse/cross_docking.go:378.16,380.3 1 0
core/internal/warehouse/cross_docking.go:382.2,382.44 1 1
core/internal/warehouse/cross_docking.go:382.44,384.3 1 0
core/internal/warehouse/cross_docking.go:386.2,389.48 3 1
core/internal/warehouse/cross_docking.go:393.114,395.16 2 1
core/internal/warehouse/cross_docking.go:395.16,397.3 1 0
core/internal/warehouse/cross_docking.go:399.2,399.41 1 1
core/internal/warehouse/cross_docking.go:399.41,400.50 1 1
core/internal/warehouse/cross_docking.go:400.50,403.9 3 1
core/internal/warehouse/cross_docking.go:407.2,408.48 2 1
core/internal/warehouse/cross_docking.go:412.122,414.16 2 1
core/internal/warehouse/cross_docking.go:414.16,416.3 1 0
core/internal/warehouse/cross_docking.go:418.2,420.41 2 1
core/internal/warehouse/cross_docking.go:420.41,421.50 1 1
core/internal/warehouse/cross_docking.go:421.50,424.28 3 1
core/internal/warehouse/cross_docking.go:424.28,426.5 1 1
core/internal/warehouse/cross_docking.go:427.4,427.9 1 1
core/internal/warehouse/cross_docking.go:432.2,433.51 2 1
core/internal/warehouse/cross_docking.go:433.51,434.36 1 1
core/internal/warehouse/cross_docking.go:434.36,436.9 2 1
core/internal/warehouse/cross_docking.go:440.2,440.17 1 1
core/internal/warehouse/cross_docking.go:440.17,445.25 3 1
core/internal/warehouse/cross_docking.go:445.25,447.18 2 1
core/internal/warehouse/cross_docking.go:447.18,451.5 3 1
core/internal/warehouse/cross_docking.go:455.2,456.48 2 1
core/internal/warehouse/cross_docking.go:460.100,462.16 2 1
core/internal/warehouse/cross_docking.go:462.16,464.3 1 0
core/internal/warehouse/cross_docking.go:466.2,466.46 1 1
core/internal/warehouse/cross_docking.go:466.46,468.3 1 1
core/internal/warehouse/cross_docking.go:470.2,475.24 4 1
core/internal/warehouse/cross_docking.go:475.24,477.52 2 1
core/internal/warehouse/cross_docking.go:477.52,481.4 3 1
core/internal/warehouse/cross_docking.go:484.2,484.48 1 1
core/internal/warehouse/cross_docking.go:488.103,490.2 1 1
core/internal/warehouse/cross_docking.go:493.171,495.2 1 1
core/internal/warehouse/cross_docking.go:498.130,500.2 1 1
core/internal/warehouse/cross_docking.go:503.78,508.2 4 1
core/internal/warehouse/cross_docking.go:511.96,513.2 1 1
core/internal/warehouse/cross_docking.go:516.92,520.2 3 1
core/internal/warehouse/cross_docking.go:523.110,525.2 1 1
core/internal/warehouse/cross_docking.go:528.112,531.31 2 1
core/internal/warehouse/cross_docking.go:531.31,532.35 1 1
core/internal/warehouse/cross_docking.go:532.35,534.4 1 1
core/internal/warehouse/cross_docking.go:538.2,539.32 2 1
core/internal/warehouse/cross_docking.go:539.32,540.35 1 1
core/internal/warehouse/cross_docking.go:540.35,542.4 1 1
core/internal/warehouse/cross_docking.go:546.2,546.46 1 1
core/internal/warehouse/cross_docking.go:546.46,548.21 2 1
core/internal/warehouse/cross_docking.go:548.21,550.4 1 1
core/internal/warehouse/cross_docking.go:553.2,553.12 1 1
core/internal/warehouse/expiry.go:89.82,91.30 1 1
core/internal/warehouse/expiry.go:91.30,93.3 1 1
core/internal/warehouse/expiry.go:94.2,94.29 1 1
core/internal/warehouse/expiry.go:94.29,96.3 1 1
core/internal/warehouse/expiry.go:97.2,97.26 1 1
core/internal/warehouse/expiry.go:97.26,99.3 1 1
core/internal/warehouse/expiry.go:101.2,104.3 1 1
core/internal/warehouse/expiry.go:108.218,109.19 1 1
core/internal/warehouse/expiry.go:109.19,111.3 1 1
core/internal/warehouse/expiry.go:114.2,114.56 1 1
core/internal/warehouse/expiry.go:114.56,116.3 1 1
core/internal/warehouse/expiry.go:118.2,136.60 2 1
core/internal/warehouse/expiry.go:136.60,138.3 1 0
core/internal/warehouse/expiry.go:141.2,141.23 1 1
core/internal/warehouse/expiry.go:141.23,143.3 1 1
core/internal/warehouse/expiry.go:145.2,145.19 1 1
core/internal/warehouse/expiry.go:149.130,151.16 2 1
core/internal/warehouse/expiry.go:151.16,153.3 1 0
core/internal/warehouse/expiry.go:156.2,157.32 2 1
core/internal/warehouse/expiry.go:157.32,158.27 1 1
core/internal/warehouse/expiry.go:158.27,159.12 1 0
core/internal/warehouse/expiry.go:163.3,163.94 1 1
core/internal/warehouse/expiry.go:163.94,164.12 1 1
core/internal/warehouse/expiry.go:167.3,167.45 1 1
core/internal/warehouse/expiry.go:170.2,170.28 1 1
core/internal/warehouse/expiry.go:170.28,172.3 1 1
core/internal/warehouse/expiry.go:175.2,175.47 1 1
core/internal/warehouse/expiry.go:175.47,177.40 1 1
core/internal/warehouse/expiry.go:177.40,179.4 1 1
core/internal/warehouse/expiry.go:180.3,180.40 1 1
core/internal/warehouse/expiry.go:180.40,182.4 1 0
core/internal/warehouse/expiry.go:183.3,183.72 1 1
core/internal/warehouse/expiry.go:187.2,190.37 3 1
core/internal/warehouse/expiry.go:190.37,191.24 1 1
core/internal/warehouse/expiry.go:191.24,192.9 1 1
core/internal/warehouse/expiry.go:194.3,195.34 2 1
core/internal/warehouse/expiry.go:198.2,198.22 1 1
core/internal/warehouse/expiry.go:198.22,200.3 1 1
core/internal/warehouse/expiry.go:202.2,202.20 1 1
core/internal/warehouse/expiry.go:206.132,208.16 2 1
core/internal/warehouse/expiry.go:208.16,210.3 1 1
core/internal/warehouse/expiry.go:212.2,215.32 3 1
core/internal/warehouse/expiry.go:215.32,216.24 1 1
core/internal/warehouse/expiry.go:216.24,217.9 1 0
core/internal/warehouse/expiry.go:220.3,221.30 2 1
core/internal/warehouse/expiry.go:221.30,223.4 1 1
core/internal/warehouse/expiry.go:225.3,233.27 2 1
core/internal/warehouse/expiry.go:236.2,236.25 1 1
core/internal/warehouse/expiry.go:249.116,252.2 2 1
core/internal/warehouse/expiry.go:255.105,257.2 1 1
core/internal/warehouse/expiry.go:260.108,266.16 4 1
core/internal/warehouse/expiry.go:266.16,268.3 1 0
core/internal/warehouse/expiry.go:270.2,270.38 1 1
core/internal/warehouse/expiry.go:270.38,271.30 1 1
core/internal/warehouse/expiry.go:271.30,272.12 1 0
core/internal/warehouse/expiry.go:275.3,278.20 3 1
core/internal/warehouse/expiry.go:278.20,280.4 1 1
core/internal/warehouse/expiry.go:280.9,280.47 1 1
core/internal/warehouse/expiry.go:280.47,282.4 1 1
core/internal/warehouse/expiry.go:284.3,298.62 2 1
core/internal/warehouse/expiry.go:298.62,299.12 1 0
core/internal/warehouse/expiry.go:302.3,302.33 1 1
core/internal/warehouse/expiry.go:305.2,305.20 1 1
core/internal/warehouse/expiry.go:309.93,311.16 2 1
core/internal/warehouse/expiry.go:311.16,313.3 1 1
core/internal/warehouse/expiry.go:315.2,320.45 5 1
core/internal/warehouse/expiry.go:324.81,326.16 2 1
core/internal/warehouse/expiry.go:326.16,328.3 1 1
core/internal/warehouse/expiry.go:330.2,331.45 2 1
core/internal/warehouse/expiry.go:335.111,337.16 2 1
core/internal/warehouse/expiry.go:337.16,339.3 1 0
core/internal/warehouse/expiry.go:341.2,343.16 3 1
core/internal/warehouse/expiry.go:343.16,345.3 1 0
core/internal/warehouse/expiry.go:347.2,349.16 3 1
core/internal/warehouse/expiry.go:349.16,351.3 1 0
core/internal/warehouse/expiry.go:353.2,354.16 2 1
core/internal/warehouse/expiry.go:354.16,356.3 1 0
core/internal/warehouse/expiry.go:359.2,360.28 2 1
core/internal/warehouse/expiry.go:360.28,362.3 1 1
core/internal/warehouse/expiry.go:363.2,363.29 1 1
core/internal/warehouse/expiry.go:363.29,364.60 1 1
core/internal/warehouse/expiry.go:364.60,366.4 1 1
core/internal/warehouse/expiry.go:368.2,368.28 1 1
core/internal/warehouse/expiry.go:368.28,369.62 1 1
core/internal/warehouse/expiry.go:369.62,371.4 1 1
core/internal/warehouse/expiry.go:374.2,383.8 1 1
core/internal/warehouse/expiry.go:399.85,400.29 1 1
core/internal/warehouse/expiry.go:400.29,402.3 1 0
core/internal/warehouse/expiry.go:404.2,407.19 3 1
core/internal/warehouse/expiry.go:407.19,409.3 1 0
core/internal/warehouse/expiry.go:409.8,409.46 1 1
core/internal/warehouse/expiry.go:409.46,411.3 1 1
core/internal/warehouse/expiry.go:411.8,411.45 1 1
core/internal/warehouse/expiry.go:411.45,413.3 1 1
core/internal/warehouse/expiry.go:413.8,415.3 1 1
core/internal/warehouse/expiry.go:417.2,431.38 2 1
core/internal/warehouse/expiry.go:435.109,436.28 1 1
core/internal/warehouse/expiry.go:436.28,438.3 1 1
core/internal/warehouse/expiry.go:440.2,441.16 2 1
core/internal/warehouse/expiry.go:441.16,443.3 1 0
core/internal/warehouse/expiry.go:445.2,447.32 2 1
core/internal/warehouse/expiry.go:447.32,448.27 1 1
core/internal/warehouse/expiry.go:448.27,449.12 1 0
core/internal/warehouse/expiry.go:453.3,457.61 4 1
core/internal/warehouse/expiry.go:457.61,458.12 1 0
core/internal/warehouse/expiry.go:461.3,461.41 1 1
core/internal/warehouse/expiry.go:464.2,464.24 1 1
core/internal/warehouse/kitting.go:173.99,178.2 1 1
core/internal/warehouse/kitting.go:181.73,188.35 5 1
core/internal/warehouse/kitting.go:188.35,190.3 1 1
core/internal/warehouse/kitting.go:191.2,193.35 2 1
core/internal/warehouse/kitting.go:197.73,200.35 2 1
core/internal/warehouse/kitting.go:200.35,202.3 1 1
core/internal/warehouse/kitting.go:203.2,206.35 3 1
core/internal/warehouse/kitting.go:210.79,212.2 1 1
core/internal/warehouse/kitting.go:215.108,217.2 1 1
core/internal/warehouse/kitting.go:220.119,222.16 2 1
core/internal/warehouse/kitting.go:222.16,224.3 1 0
core/internal/warehouse/kitting.go:227.2,229.21 3 1
core/internal/warehouse/kitting.go:229.21,231.3 1 1
core/internal/warehouse/kitting.go:234.2,237.38 3 1
core/internal/warehouse/kitting.go:237.38,240.17 3 1
core/internal/warehouse/kitting.go:240.17,242.4 1 1
core/internal/warehouse/kitting.go:244.3,245.24 2 1
core/internal/warehouse/kitting.go:245.24,247.4 1 1
core/internal/warehouse/kitting.go:249.3,258.22 2 1
core/internal/warehouse/kitting.go:258.22,259.48 1 1
core/internal/warehouse/kitting.go:259.48,261.5 1 1
core/internal/warehouse/kitting.go:264.3,264.45 1 1
core/internal/warehouse/kitting.go:267.2,267.20 1 1
core/internal/warehouse/kitting.go:267.20,269.3 1 0
core/internal/warehouse/kitting.go:272.2,273.28 2 1
core/internal/warehouse/kitting.go:273.28,274.72 1 1
core/internal/warehouse/kitting.go:274.72,276.25 2 1
core/internal/warehouse/kitting.go:276.25,278.5 1 1
core/internal/warehouse/kitting.go:282.2,290.8 1 1
core/internal/warehouse/kitting.go:294.157,296.16 2 1
core/internal/warehouse/kitting.go:296.16,298.3 1 0
core/internal/warehouse/kitting.go:301.2,302.16 2 1
core/internal/warehouse/kitting.go:302.16,304.3 1 0
core/internal/warehouse/kitting.go:306.2,306.41 1 1
core/internal/warehouse/kitting.go:306.41,308.3 1 1
core/internal/warehouse/kitting.go:310.2,323.63 2 1
core/internal/warehouse/kitting.go:323.63,325.3 1 0
core/internal/warehouse/kitting.go:327.2,327.19 1 1
core/internal/warehouse/kitting.go:331.95,333.16 2 1
core/internal/warehouse/kitting.go:333.16,335.3 1 0
core/internal/warehouse/kitting.go:337.2,337.31 1 1
core/internal/warehouse/kitting.go:337.31,339.3 1 0
core/internal/warehouse/kitting.go:341.2,347.47 6 1
core/internal/warehouse/kitting.go:351.119,353.16 2 1
core/internal/warehouse/kitting.go:353.16,355.3 1 0
core/internal/warehouse/kitting.go:357.2,357.35 1 1
core/internal/warehouse/kitting.go:357.35,359.3 1 0
core/internal/warehouse/kitting.go:361.2,362.16 2 1
core/internal/warehouse/kitting.go:362.16,364.3 1 0
core/internal/warehouse/kitting.go:367.2,367.38 1 1
core/internal/warehouse/kitting.go:367.38,372.39 3 1
core/internal/warehouse/kitting.go:372.39,373.60 1 1
core/internal/warehouse/kitting.go:373.60,375.10 2 0
core/internal/warehouse/kitting.go:380.3,381.17 2 1
core/internal/warehouse/kitting.go:381.17,383.4 1 0
core/internal/warehouse/kitting.go:385.3,385.28 1 1
core/internal/warehouse/kitting.go:385.28,387.4 1 0
core/internal/warehouse/kitting.go:389.3,393.65 4 1
core/internal/warehouse/kitting.go:393.65,395.4 1 0
core/internal/warehouse/kitting.go:398.3,409.48 2 1
core/internal/warehouse/kitting.go:413.2,414.16 2 1
core/internal/warehouse/kitting.go:414.16,424.3 1 1
core/internal/warehouse/kitting.go:426.2,430.61 4 1
core/internal/warehouse/kitting.go:430.61,432.3 1 0
core/internal/warehouse/kitting.go:435.2,441.47 6 1
core/internal/warehouse/kitting.go:445.92,447.16 2 1
core/internal/warehouse/kitting.go:447.16,449.3 1 0
core/internal/warehouse/kitting.go:451.2,451.33 1 1
core/internal/warehouse/kitting.go:451.33,453.3 1 1
core/internal/warehouse/kitting.go:455.2,459.47 4 1
core/internal/warehouse/kitting.go:463.157,465.16 2 1
core/internal/warehouse/kitting.go:465.16,467.3 1 0
core/internal/warehouse/kitting.go:470.2,471.49 2 1
core/internal/warehouse/kitting.go:471.49,473.3 1 1
core/internal/warehouse/kitting.go:475.2,488.66 2 1
core/internal/warehouse/kitting.go:488.66,490.3 1 0
core/internal/warehouse/kitting.go:492.2,492.19 1 1
core/internal/warehouse/kitting.go:496.127,498.16 2 1
core/internal/warehouse/kitting.go:498.16,500.3 1 0
core/internal/warehouse/kitting.go:502.2,502.33 1 1
core/internal/warehouse/kitting.go:502.33,504.3 1 0
core/internal/warehouse/kitting.go:506.2,507.16 2 1
core/internal/warehouse/kitting.go:507.16,509.3 1 0
core/internal/warehouse/kitting.go:512.2,513.16 2 1
core/internal/warehouse/kitting.go:513.16,515.3 1 0
core/internal/warehouse/kitting.go:517.2,517.41 1 1
core/internal/warehouse/kitting.go:517.41,519.3 1 0
core/internal/warehouse/kitting.go:521.2,525.61 4 1
core/internal/warehouse/kitting.go:525.61,527.3 1 0
core/internal/warehouse/kitting.go:530.2,530.38 1 1
core/internal/warehouse/kitting.go:530.38,534.43 2 1
core/internal/warehouse/kitting.go:534.43,535.39 1 1
core/internal/warehouse/kitting.go:535.39,537.10 2 1
core/internal/warehouse/kitting.go:541.3,541.21 1 1
core/internal/warehouse/kitting.go:541.21,542.12 1 0
core/internal/warehouse/kitting.go:546.3,547.17 2 1
core/internal/warehouse/kitting.go:547.17,558.4 1 1
core/internal/warehouse/kitting.go:560.3,564.65 4 1
core/internal/warehouse/kitting.go:564.65,565.12 1 0
core/internal/warehouse/kitting.go:569.3,580.48 2 1
core/internal/warehouse/kitting.go:584.2,590.50 6 1
core/internal/warehouse/kitting.go:594.138,596.2 1 1
core/internal/warehouse/kitting.go:599.124,601.2 1 1
core/internal/warehouse/kitting.go:604.114,606.16 2 1
core/internal/warehouse/kitting.go:606.16,608.3 1 0
core/internal/warehouse/kitting.go:610.2,610.35 1 1
core/internal/warehouse/kitting.go:610.35,612.3 1 1
core/internal/warehouse/kitting.go:614.2,618.45 4 1
core/internal/warehouse/kitting.go:622.102,624.16 2 1
core/internal/warehouse/kitting.go:624.16,626.3 1 0
core/internal/warehouse/kitting.go:628.2,628.34 1 1
core/internal/warehouse/kitting.go:628.34,630.3 1 1
core/internal/warehouse/kitting.go:632.2,637.45 5 1
core/internal/warehouse/labels.go:170.58,172.2 1 1
core/internal/warehouse/labels.go:175.113,179.21 3 1
core/internal/warehouse/labels.go:180.20,181.29 1 1
core/internal/warehouse/labels.go:182.19,183.29 1 1
core/internal/warehouse/labels.go:184.22,185.33 1 1
core/internal/warehouse/labels.go:186.17,187.43 1 1
core/internal/warehouse/labels.go:188.10,189.35 1 1
core/internal/warehouse/labels.go:192.2,192.16 1 1
core/internal/warehouse/labels.go:192.16,194.3 1 1
core/internal/warehouse/labels.go:197.2,198.16 2 1
core/internal/warehouse/labels.go:198.16,200.3 1 0
core/internal/warehouse/labels.go:203.2,204.45 2 1
core/internal/warehouse/labels.go:204.45,206.3 1 0
core/internal/warehouse/labels.go:209.2,209.60 1 1
core/internal/warehouse/labels.go:213.121,216.29 2 1
core/internal/warehouse/labels.go:216.29,218.3 1 1
core/internal/warehouse/labels.go:218.8,218.35 1 1
core/internal/warehouse/labels.go:218.35,220.3 1 1
core/internal/warehouse/labels.go:222.2,226.16 4 1
core/internal/warehouse/labels.go:226.16,228.3 1 0
core/internal/warehouse/labels.go:230.2,248.55 2 1
core/internal/warehouse/labels.go:248.55,250.3 1 0
core/internal/warehouse/labels.go:252.2,252.19 1 1
core/internal/warehouse/labels.go:256.117,264.16 5 1
core/internal/warehouse/labels.go:264.16,266.3 1 0
core/internal/warehouse/labels.go:268.2,288.55 2 1
core/internal/warehouse/labels.go:288.55,290.3 1 0
core/internal/warehouse/labels.go:292.2,292.19 1 1
core/internal/warehouse/labels.go:296.123,302.16 4 1
core/internal/warehouse/labels.go:302.16,304.3 1 0
core/internal/warehouse/labels.go:306.2,332.55 2 1
core/internal/warehouse/labels.go:332.55,334.3 1 0
core/internal/warehouse/labels.go:336.2,336.19 1 1
core/internal/warehouse/labels.go:340.155,345.16 4 1
core/internal/warehouse/labels.go:345.16,347.3 1 0
core/internal/warehouse/labels.go:349.2,366.55 2 1
core/internal/warehouse/labels.go:366.55,368.3 1 0
core/internal/warehouse/labels.go:370.2,370.19 1 1
core/internal/warehouse/labels.go:374.154,379.16 4 1
core/internal/warehouse/labels.go:379.16,381.3 1 0
core/internal/warehouse/labels.go:383.2,390.38 2 1
core/internal/warehouse/labels.go:390.38,394.3 3 1
core/internal/warehouse/labels.go:396.2,408.55 2 1
core/internal/warehouse/labels.go:408.55,410.3 1 0
core/internal/warehouse/labels.go:412.2,412.19 1 1
core/internal/warehouse/labels.go:416.114,418.16 2 1
core/internal/warehouse/labels.go:418.16,420.3 1 1
core/internal/warehouse/labels.go:422.2,423.16 2 1
core/internal/warehouse/labels.go:423.16,425.3 1 1
core/internal/warehouse/labels.go:427.2,436.56 2 1
core/internal/warehouse/labels.go:436.56,438.3 1 0
core/internal/warehouse/labels.go:441.2,443.17 2 1
core/internal/warehouse/labels.go:447.124,449.30 2 1
core/internal/warehouse/labels.go:449.30,451.17 2 1
core/internal/warehouse/labels.go:451.17,453.4 1 1
core/internal/warehouse/labels.go:454.3,454.33 1 1
core/internal/warehouse/labels.go:457.2,458.16 2 1
core/internal/warehouse/labels.go:458.16,460.3 1 1
core/internal/warehouse/labels.go:462.2,471.56 2 1
core/internal/warehouse/labels.go:471.56,473.3 1 0
core/internal/warehouse/labels.go:475.2,477.17 2 1
core/internal/warehouse/labels.go:481.96,483.2 1 1
core/internal/warehouse/labels.go:486.78,488.2 1 1
core/internal/warehouse/labels.go:491.94,503.2 6 1
core/internal/warehouse/labels.go:507.89,514.2 1 1
core/internal/warehouse/labels.go:516.85,523.2 1 1
core/internal/warehouse/labels.go:525.91,541.2 1 1
core/internal/warehouse/labels.go:543.123,551.2 1 1
core/internal/warehouse/labels.go:553.124,561.38 3 1
core/internal/warehouse/labels.go:561.38,567.3 3 1
core/internal/warehouse/labels.go:569.2,570.12 2 1
core/internal/warehouse/labels.go:582.125,586.21 3 1
core/internal/warehouse/labels.go:587.20,588.29 1 1
core/internal/warehouse/labels.go:589.19,590.29 1 1
core/internal/warehouse/labels.go:591.22,592.33 1 1
core/internal/warehouse/labels.go:593.17,594.43 1 1
core/internal/warehouse/labels.go:595.10,596.36 1 1
core/internal/warehouse/labels.go:599.2,599.16 1 1
core/internal/warehouse/labels.go:599.16,601.3 1 0
core/internal/warehouse/labels.go:603.2,604.16 2 1
core/internal/warehouse/labels.go:604.16,606.3 1 0
core/internal/warehouse/labels.go:608.2,609.45 2 1
core/internal/warehouse/labels.go:609.45,611.3 1 0
core/internal/warehouse/labels.go:613.2,618.8 1 1
core/internal/warehouse/packing.go:61.36,63.2 1 1
core/internal/warehouse/packing.go:81.45,83.2 1 1
core/internal/warehouse/packing.go:86.45,88.2 1 1
core/internal/warehouse/packing.go:243.64,245.2 1 1
core/internal/warehouse/packing.go:248.125,249.21 1 1
core/internal/warehouse/packing.go:249.21,251.3 1 1
core/internal/warehouse/packing.go:254.2,255.16 2 1
core/internal/warehouse/packing.go:255.16,257.3 1 0
core/internal/warehouse/packing.go:259.2,259.24 1 1
core/internal/warehouse/packing.go:259.24,261.3 1 1
core/internal/warehouse/packing.go:264.2,265.29 2 1
core/internal/warehouse/packing.go:265.29,268.3 2 1
core/internal/warehouse/packing.go:271.2,272.16 2 1
core/internal/warehouse/packing.go:272.16,274.3 1 0
core/internal/warehouse/packing.go:277.2,278.36 2 1
core/internal/warehouse/packing.go:278.36,280.17 2 1
core/internal/warehouse/packing.go:280.17,282.4 1 1
core/internal/warehouse/packing.go:285.2,295.64 2 1
core/internal/warehouse/packing.go:295.64,297.3 1 0
core/internal/warehouse/packing.go:299.2,299.20 1 1
core/internal/warehouse/packing.go:303.104,305.43 1 1
core/internal/warehouse/packing.go:305.43,307.3 1 1
core/internal/warehouse/packing.go:310.2,311.29 2 1
core/internal/warehouse/packing.go:311.29,312.38 1 1
core/internal/warehouse/packing.go:312.38,316.4 3 1
core/internal/warehouse/packing.go:320.2,320.48 1 1
core/internal/warehouse/packing.go:320.48,322.3 1 1
core/internal/warehouse/packing.go:324.2,327.30 3 1
core/internal/warehouse/packing.go:327.30,330.17 2 1
core/internal/warehouse/packing.go:330.17,332.4 1 0
core/internal/warehouse/packing.go:335.3,336.29 2 1
core/internal/warehouse/packing.go:336.29,337.39 1 1
core/internal/warehouse/packing.go:337.39,338.39 1 1
core/internal/warehouse/packing.go:338.39,340.11 2 1
core/internal/warehouse/packing.go:344.3,361.29 3 1
core/internal/warehouse/packing.go:361.29,362.39 1 1
core/internal/warehouse/packing.go:362.39,363.39 1 1
core/internal/warehouse/packing.go:363.39,365.11 2 1
core/internal/warehouse/packing.go:370.3,371.29 2 1
core/internal/warehouse/packing.go:374.2,374.20 1 1
core/internal/warehouse/packing.go:378.121,379.31 1 1
core/internal/warehouse/packing.go:379.31,381.22 2 1
core/internal/warehouse/packing.go:381.22,383.4 1 1
core/internal/warehouse/packing.go:385.2,385.24 1 0
core/internal/warehouse/packing.go:389.107,400.29 7 1
core/internal/warehouse/packing.go:400.29,405.95 3 1
core/internal/warehouse/packing.go:405.95,407.89 1 1
core/internal/warehouse/packing.go:407.89,411.5 3 1
core/internal/warehouse/packing.go:411.10,413.5 1 0
core/internal/warehouse/packing.go:414.9,416.4 1 0
core/internal/warehouse/packing.go:420.2,420.43 1 1
core/internal/warehouse/packing.go:420.43,423.30 2 1
core/internal/warehouse/packing.go:423.30,424.35 1 1
core/internal/warehouse/packing.go:424.35,426.10 2 1
core/internal/warehouse/packing.go:430.3,435.5 1 1
core/internal/warehouse/packing.go:438.2,438.26 1 1
core/internal/warehouse/packing.go:442.138,453.60 2 1
core/internal/warehouse/packing.go:453.60,455.3 1 0
core/internal/warehouse/packing.go:457.2,457.18 1 1
core/internal/warehouse/packing.go:461.104,463.16 2 1
core/internal/warehouse/packing.go:463.16,465.3 1 0
core/internal/warehouse/packing.go:467.2,467.30 1 1
core/internal/warehouse/packing.go:467.30,469.3 1 1
core/internal/warehouse/packing.go:471.2,480.16 8 1
core/internal/warehouse/packing.go:480.16,484.3 3 1
core/internal/warehouse/packing.go:486.2,486.44 1 1
core/internal/warehouse/packing.go:490.118,492.16 2 1
core/internal/warehouse/packing.go:492.16,494.3 1 0
core/internal/warehouse/packing.go:496.2,496.34 1 1
core/internal/warehouse/packing.go:496.34,498.3 1 0
core/internal/warehouse/packing.go:500.2,507.27 6 1
core/internal/warehouse/packing.go:507.27,509.3 1 1
core/internal/warehouse/packing.go:512.2,512.26 1 1
core/internal/warehouse/packing.go:512.26,514.17 2 1
core/internal/warehouse/packing.go:514.17,518.4 3 1
core/internal/warehouse/packing.go:521.2,521.44 1 1
core/internal/warehouse/packing.go:525.240,540.60 2 1
core/internal/warehouse/packing.go:540.60,542.3 1 0
core/internal/warehouse/packing.go:544.2,544.18 1 1
core/internal/warehouse/packing.go:548.110,550.2 1 1
core/internal/warehouse/packing.go:553.122,555.16 2 1
core/internal/warehouse/packing.go:555.16,557.3 1 0
core/internal/warehouse/packing.go:559.2,559.62 1 1
core/internal/warehouse/packing.go:559.62,561.3 1 1
core/internal/warehouse/packing.go:563.2,564.48 2 1
core/internal/warehouse/packing.go:568.95,570.2 1 1
core/internal/warehouse/packing.go:573.106,575.2 1 1
core/internal/warehouse/packing.go:578.114,580.2 1 1
core/internal/warehouse/packing.go:583.96,585.2 1 1
core/internal/warehouse/packing.go:588.81,593.2 4 1
core/internal/warehouse/packing.go:596.81,599.2 2 1
core/internal/warehouse/packing.go:602.93,604.2 1 1
core/internal/warehouse/packing.go:607.99,612.2 4 1
core/internal/warehouse/packing.go:615.101,620.29 3 1
core/internal/warehouse/packing.go:620.29,624.30 3 1
core/internal/warehouse/packing.go:624.30,626.4 1 1
core/internal/warehouse/packing.go:627.3,627.28 1 1
core/internal/warehouse/packing.go:627.28,629.4 1 1
core/internal/warehouse/packing.go:630.3,630.30 1 1
core/internal/warehouse/packing.go:630.30,632.4 1 1
core/internal/warehouse/packing.go:636.2,637.16 2 1
core/internal/warehouse/packing.go:637.16,639.3 1 0
core/internal/warehouse/packing.go:641.2,642.31 2 1
core/internal/warehouse/packing.go:642.31,643.82 1 1
core/internal/warehouse/packing.go:643.82,644.84 1 1
core/internal/warehouse/packing.go:644.84,645.24 1 1
core/internal/warehouse/packing.go:645.24,647.6 1 1
core/internal/warehouse/packing.go:652.2,652.24 1 1
core/internal/warehouse/packing.go:652.24,654.3 1 1
core/internal/warehouse/packing.go:657.2,657.43 1 1
core/internal/warehouse/packing.go:657.43,659.3 1 1
core/internal/warehouse/packing.go:661.2,661.25 1 1
core/internal/warehouse/purchasing.go:200.108,205.2 1 1
core/internal/warehouse/purchasing.go:208.167,209.21 1 1
core/internal/warehouse/purchasing.go:209.21,211.3 1 1
core/internal/warehouse/purchasing.go:214.2,215.16 2 1
core/internal/warehouse/purchasing.go:215.16,217.3 1 1
core/internal/warehouse/purchasing.go:220.2,221.16 2 1
core/internal/warehouse/purchasing.go:221.16,223.3 1 0
core/internal/warehouse/purchasing.go:226.2,227.23 2 1
core/internal/warehouse/purchasing.go:227.23,231.3 3 1
core/internal/warehouse/purchasing.go:233.2,255.60 4 1
core/internal/warehouse/purchasing.go:255.60,257.3 1 0
core/internal/warehouse/purchasing.go:259.2,259.16 1 1
core/internal/warehouse/purchasing.go:263.95,264.32 1 1
core/internal/warehouse/purchasing.go:264.32,266.3 1 1
core/internal/warehouse/purchasing.go:269.2,270.26 2 1
core/internal/warehouse/purchasing.go:270.26,273.3 2 1
core/internal/warehouse/purchasing.go:275.2,279.44 4 1
core/internal/warehouse/purchasing.go:283.89,285.16 2 1
core/internal/warehouse/purchasing.go:285.16,287.3 1 0
core/internal/warehouse/purchasing.go:289.2,289.32 1 1
core/internal/warehouse/purchasing.go:289.32,291.3 1 0
core/internal/warehouse/purchasing.go:293.2,296.44 3 1
core/internal/warehouse/purchasing.go:300.102,302.16 2 1
core/internal/warehouse/purchasing.go:302.16,304.3 1 0
core/internal/warehouse/purchasing.go:306.2,306.34 1 1
core/internal/warehouse/purchasing.go:306.34,308.3 1 0
core/internal/warehouse/purchasing.go:310.2,316.44 6 1
core/internal/warehouse/purchasing.go:320.87,322.16 2 1
core/internal/warehouse/purchasing.go:322.16,324.3 1 0
core/internal/warehouse/purchasing.go:326.2,326.35 1 1
core/internal/warehouse/purchasing.go:326.35,328.3 1 0
core/internal/warehouse/purchasing.go:330.2,335.44 5 1
core/internal/warehouse/purchasing.go:339.115,341.16 2 1
core/internal/warehouse/purchasing.go:341.16,343.3 1 0
core/internal/warehouse/purchasing.go:345.2,345.34 1 1
core/internal/warehouse/purchasing.go:345.34,347.3 1 0
core/internal/warehouse/purchasing.go:349.2,350.25 2 1
core/internal/warehouse/purchasing.go:350.25,352.3 1 1
core/internal/warehouse/purchasing.go:353.2,355.44 2 1
core/internal/warehouse/purchasing.go:359.120,361.16 2 1
core/internal/warehouse/purchasing.go:361.16,363.3 1 0
core/internal/warehouse/purchasing.go:365.2,365.101 1 1
core/internal/warehouse/purchasing.go:365.101,367.3 1 0
core/internal/warehouse/purchasing.go:369.2,372.26 3 1
core/internal/warehouse/purchasing.go:372.26,373.51 1 1
core/internal/warehouse/purchasing.go:373.51,378.18 3 1
core/internal/warehouse/purchasing.go:378.18,380.5 1 0
core/internal/warehouse/purchasing.go:383.3,383.53 1 1
core/internal/warehouse/purchasing.go:383.53,385.4 1 1
core/internal/warehouse/purchasing.go:388.2,388.26 1 1
core/internal/warehouse/purchasing.go:388.26,390.3 1 1
core/internal/warehouse/purchasing.go:391.2,393.17 2 1
core/internal/warehouse/purchasing.go:393.17,396.3 2 1
core/internal/warehouse/purchasing.go:398.2,400.44 2 1
core/internal/warehouse/purchasing.go:404.116,406.16 2 1
core/internal/warehouse/purchasing.go:406.16,419.3 1 1
core/internal/warehouse/purchasing.go:421.2,426.64 5 1
core/internal/warehouse/purchasing.go:426.64,428.3 1 0
core/internal/warehouse/purchasing.go:431.2,443.54 2 1
core/internal/warehouse/purchasing.go:447.97,449.16 2 1
core/internal/warehouse/purchasing.go:449.16,451.3 1 0
core/internal/warehouse/purchasing.go:453.2,453.70 1 1
core/internal/warehouse/purchasing.go:453.70,455.3 1 1
core/internal/warehouse/purchasing.go:457.2,461.44 4 1
core/internal/warehouse/purchasing.go:465.102,467.2 1 1
core/internal/warehouse/purchasing.go:470.150,472.2 1 1
core/internal/warehouse/purchasing.go:475.91,480.2 4 1
core/internal/warehouse/purchasing.go:483.91,486.2 2 1
core/internal/warehouse/purchasing.go:489.92,491.2 1 1
core/internal/warehouse/purchasing.go:494.102,496.2 1 1
core/internal/warehouse/purchasing.go:499.93,504.2 4 1
core/internal/warehouse/purchasing.go:507.93,510.2 2 1
core/internal/warehouse/purchasing.go:513.122,516.16 2 1
core/internal/warehouse/purchasing.go:516.16,518.3 1 0
core/internal/warehouse/purchasing.go:520.2,522.29 2 1
core/internal/warehouse/purchasing.go:522.29,525.17 2 1
core/internal/warehouse/purchasing.go:525.17,526.12 1 0
core/internal/warehouse/purchasing.go:530.3,530.43 1 1
core/internal/warehouse/purchasing.go:530.43,533.25 2 1
core/internal/warehouse/purchasing.go:533.25,535.39 2 0
core/internal/warehouse/purchasing.go:535.39,537.6 1 0
core/internal/warehouse/purchasing.go:540.4,540.25 1 1
core/internal/warehouse/purchasing.go:540.25,541.13 1 0
core/internal/warehouse/purchasing.go:545.4,546.28 2 1
core/internal/warehouse/purchasing.go:546.28,548.5 1 1
core/internal/warehouse/purchasing.go:548.10,548.53 1 1
core/internal/warehouse/purchasing.go:548.53,550.5 1 1
core/internal/warehouse/purchasing.go:553.4,554.27 2 1
core/internal/warehouse/purchasing.go:554.27,557.5 1 1
core/internal/warehouse/purchasing.go:559.4,570.38 2 1
core/internal/warehouse/purchasing.go:570.38,572.19 2 1
core/internal/warehouse/purchasing.go:572.19,578.43 4 1
core/internal/warehouse/purchasing.go:578.43,579.41 1 1
core/internal/warehouse/purchasing.go:579.41,581.13 2 1
core/internal/warehouse/purchasing.go:587.4,587.49 1 1
core/internal/warehouse/purchasing.go:592.2,592.46 1 1
core/internal/warehouse/purchasing.go:592.46,595.3 2 0
core/internal/warehouse/purchasing.go:597.2,597.25 1 1
core/internal/warehouse/purchasing.go:601.127,604.16 2 1
core/internal/warehouse/purchasing.go:604.16,606.3 1 0
core/internal/warehouse/purchasing.go:609.2,611.29 2 1
core/internal/warehouse/purchasing.go:611.29,612.22 1 1
core/internal/warehouse/purchasing.go:612.22,613.12 1 0
core/internal/warehouse/purchasing.go:617.3,618.17 2 1
core/internal/warehouse/purchasing.go:618.17,619.12 1 0
core/internal/warehouse/purchasing.go:623.3,623.42 1 1
core/internal/warehouse/purchasing.go:623.42,624.12 1 0
core/internal/warehouse/purchasing.go:628.3,628.37 1 1
core/internal/warehouse/purchasing.go:628.37,629.12 1 0
core/internal/warehouse/purchasing.go:632.3,633.17 2 1
core/internal/warehouse/purchasing.go:633.17,634.12 1 0
core/internal/warehouse/purchasing.go:638.3,640.40 3 1
core/internal/warehouse/purchasing.go:640.40,641.38 1 1
core/internal/warehouse/purchasing.go:641.38,644.10 3 1
core/internal/warehouse/purchasing.go:648.3,648.21 1 1
core/internal/warehouse/purchasing.go:648.21,649.12 1 0
core/internal/warehouse/purchasing.go:653.3,654.58 2 1
core/internal/warehouse/purchasing.go:654.58,656.20 2 0
core/internal/warehouse/purchasing.go:656.20,658.5 1 0
core/internal/warehouse/purchasing.go:661.3,661.15 1 1
core/internal/warehouse/purchasing.go:661.15,662.12 1 0
core/internal/warehouse/purchasing.go:665.3,678.38 5 1
core/internal/warehouse/purchasing.go:682.2,684.47 2 1
core/internal/warehouse/purchasing.go:684.47,685.22 1 1
core/internal/warehouse/purchasing.go:685.22,686.12 1 0
core/internal/warehouse/purchasing.go:689.3,690.17 2 1
core/internal/warehouse/purchasing.go:690.17,691.12 1 0
core/internal/warehouse/purchasing.go:695.3,698.38 3 1
core/internal/warehouse/purchasing.go:701.2,701.26 1 1
core/internal/warehouse/purchasing.go:701.26,703.3 1 1
core/internal/warehouse/purchasing.go:705.2,705.24 1 1
core/internal/warehouse/purchasing.go:709.162,711.16 2 1
core/internal/warehouse/purchasing.go:711.16,713.3 1 0
core/internal/warehouse/purchasing.go:715.2,717.39 2 1
core/internal/warehouse/purchasing.go:717.39,720.17 2 1
core/internal/warehouse/purchasing.go:720.17,721.12 1 0
core/internal/warehouse/purchasing.go:725.3,726.17 2 1
core/internal/warehouse/purchasing.go:726.17,727.12 1 0
core/internal/warehouse/purchasing.go:731.3,733.40 3 1
core/internal/warehouse/purchasing.go:733.40,734.33 1 1
core/internal/warehouse/purchasing.go:734.33,737.10 3 1
core/internal/warehouse/purchasing.go:741.3,741.21 1 1
core/internal/warehouse/purchasing.go:741.21,742.12 1 0
core/internal/warehouse/purchasing.go:745.3,746.24 2 1
core/internal/warehouse/purchasing.go:746.24,748.20 2 1
core/internal/warehouse/purchasing.go:748.20,750.5 1 0
core/internal/warehouse/purchasing.go:753.3,753.15 1 1
core/internal/warehouse/purchasing.go:753.15,754.12 1 0
core/internal/warehouse/purchasing.go:757.3,763.5 1 1
core/internal/warehouse/purchasing.go:766.2,766.21 1 1
core/internal/warehouse/purchasing.go:766.21,768.3 1 0
core/internal/warehouse/purchasing.go:770.2,770.106 1 1
core/internal/warehouse/purchasing.go:774.115,776.2 1 1
core/internal/warehouse/purchasing.go:779.121,781.16 2 1
core/internal/warehouse/purchasing.go:781.16,783.3 1 0
core/internal/warehouse/purchasing.go:786.2,787.38 2 1
core/internal/warehouse/purchasing.go:787.38,796.3 1 1
core/internal/warehouse/purchasing.go:798.2,798.131 1 1
core/internal/warehouse/quality_control.go:230.49,232.2 1 1
core/internal/warehouse/quality_control.go:235.78,243.29 6 1
core/internal/warehouse/quality_control.go:243.29,248.37 3 1
core/internal/warehouse/quality_control.go:248.37,250.37 2 1
core/internal/warehouse/quality_control.go:250.37,252.44 2 1
core/internal/warehouse/quality_control.go:252.44,254.6 1 0
core/internal/warehouse/quality_control.go:255.5,255.74 1 1
core/internal/warehouse/quality_control.go:255.74,257.6 1 0
core/internal/warehouse/quality_control.go:258.5,258.43 1 1
core/internal/warehouse/quality_control.go:259.10,262.5 1 1
core/internal/warehouse/quality_control.go:267.2,269.41 2 1
core/internal/warehouse/quality_control.go:273.136,283.52 2 1
core/internal/warehouse/quality_control.go:283.52,285.3 1 0
core/internal/warehouse/quality_control.go:287.2,287.19 1 1
core/internal/warehouse/quality_control.go:291.132,301.52 2 1
core/internal/warehouse/quality_control.go:301.52,303.3 1 0
core/internal/warehouse/quality_control.go:305.2,305.19 1 1
core/internal/warehouse/quality_control.go:309.105,311.16 2 1
core/internal/warehouse/quality_control.go:311.16,313.3 1 0
core/internal/warehouse/quality_control.go:315.2,315.31 1 1
core/internal/warehouse/quality_control.go:315.31,317.3 1 1
core/internal/warehouse/quality_control.go:319.2,326.41 7 1
core/internal/warehouse/quality_control.go:330.187,332.16 2 1
core/internal/warehouse/quality_control.go:332.16,334.3 1 0
core/internal/warehouse/quality_control.go:336.2,336.35 1 1
core/internal/warehouse/quality_control.go:336.35,338.3 1 0
core/internal/warehouse/quality_control.go:340.2,341.29 2 1
core/internal/warehouse/quality_control.go:341.29,342.34 1 1
core/internal/warehouse/quality_control.go:342.34,352.22 8 1
core/internal/warehouse/quality_control.go:352.22,354.5 1 1
core/internal/warehouse/quality_control.go:354.10,354.29 1 1
core/internal/warehouse/quality_control.go:354.29,356.5 1 1
core/internal/warehouse/quality_control.go:356.10,358.5 1 1
core/internal/warehouse/quality_control.go:360.4,361.9 2 1
core/internal/warehouse/quality_control.go:365.2,365.12 1 1
core/internal/warehouse/quality_control.go:365.12,367.3 1 0
core/internal/warehouse/quality_control.go:369.2,370.41 2 1
core/internal/warehouse/quality_control.go:374.97,376.16 2 1
core/internal/warehouse/quality_control.go:376.16,378.3 1 0
core/internal/warehouse/quality_control.go:380.2,383.29 3 1
core/internal/warehouse/quality_control.go:383.29,384.34 1 1
core/internal/warehouse/quality_control.go:384.34,387.9 3 1
core/internal/warehouse/quality_control.go:391.2,392.41 2 1
core/internal/warehouse/quality_control.go:396.80,398.16 2 1
core/internal/warehouse/quality_control.go:398.16,400.3 1 0
core/internal/warehouse/quality_control.go:402.2,402.35 1 1
core/internal/warehouse/quality_control.go:402.35,404.3 1 0
core/internal/warehouse/quality_control.go:407.2,408.35 2 1
core/internal/warehouse/quality_control.go:408.35,409.34 1 1
core/internal/warehouse/quality_control.go:409.34,411.4 1 1
core/internal/warehouse/quality_control.go:411.9,411.41 1 1
core/internal/warehouse/quality_control.go:411.41,413.4 1 1
core/internal/warehouse/quality_control.go:416.2,419.26 3 1
core/internal/warehouse/quality_control.go:419.26,421.3 1 1
core/internal/warehouse/quality_control.go:424.2,424.22 1 1
core/internal/warehouse/quality_control.go:424.22,426.3 1 1
core/internal/warehouse/quality_control.go:426.8,426.29 1 1
core/internal/warehouse/quality_control.go:426.29,428.3 1 0
core/internal/warehouse/quality_control.go:428.8,430.3 1 1
core/internal/warehouse/quality_control.go:432.2,437.41 5 1
core/internal/warehouse/quality_control.go:441.82,443.2 1 1
core/internal/warehouse/quality_control.go:446.152,448.2 1 1
core/internal/warehouse/quality_control.go:451.168,466.55 2 1
core/internal/warehouse/quality_control.go:466.55,468.3 1 0
core/internal/warehouse/quality_control.go:470.2,470.18 1 1
core/internal/warehouse/quality_control.go:474.89,476.16 2 1
core/internal/warehouse/quality_control.go:476.16,478.3 1 0
core/internal/warehouse/quality_control.go:480.2,480.30 1 1
core/internal/warehouse/quality_control.go:480.30,482.3 1 1
core/internal/warehouse/quality_control.go:484.2,489.39 5 1
core/internal/warehouse/quality_control.go:493.88,495.16 2 1
core/internal/warehouse/quality_control.go:495.16,497.3 1 0
core/internal/warehouse/quality_control.go:499.2,499.30 1 1
core/internal/warehouse/quality_control.go:499.30,501.3 1 0
core/internal/warehouse/quality_control.go:503.2,508.39 5 1
core/internal/warehouse/quality_control.go:512.108,514.2 1 1
core/internal/warehouse/quality_control.go:517.87,523.36 4 1
core/internal/warehouse/quality_control.go:523.36,525.3 1 1
core/internal/warehouse/quality_control.go:527.2,527.47 1 1
core/internal/warehouse/quality_control.go:531.87,534.2 2 1
core/internal/warehouse/quality_control.go:537.88,539.2 1 1
core/internal/warehouse/quality_control.go:542.104,544.2 1 1
core/internal/warehouse/quality_control.go:547.111,549.2 1 1
core/internal/warehouse/quality_control.go:552.108,554.16 2 1
core/internal/warehouse/quality_control.go:554.16,556.3 1 0
core/internal/warehouse/quality_control.go:558.2,559.29 2 1
core/internal/warehouse/quality_control.go:559.29,560.31 1 1
core/internal/warehouse/quality_control.go:560.31,562.4 1 1
core/internal/warehouse/quality_control.go:565.2,565.38 1 1
core/internal/warehouse/quality_control.go:569.93,571.16 2 1
core/internal/warehouse/quality_control.go:571.16,573.3 1 0
core/internal/warehouse/quality_control.go:574.2,574.25 1 1
core/internal/warehouse/quality_control.go:577.24,578.11 1 1
core/internal/warehouse/quality_control.go:578.11,580.3 1 1
core/internal/warehouse/quality_control.go:581.2,581.10 1 1
core/internal/warehouse/returns.go:204.96,209.2 1 1
core/internal/warehouse/returns.go:212.227,214.21 1 1
core/internal/warehouse/returns.go:214.21,216.3 1 1
core/internal/warehouse/returns.go:219.2,220.16 2 1
core/internal/warehouse/returns.go:220.16,222.3 1 0
core/internal/warehouse/returns.go:225.2,225.50 1 1
core/internal/warehouse/returns.go:225.50,226.33 1 1
core/internal/warehouse/returns.go:226.33,228.4 1 1
core/internal/warehouse/returns.go:232.2,233.23 2 1
core/internal/warehouse/returns.go:233.23,236.36 3 1
core/internal/warehouse/returns.go:236.36,238.4 1 0
core/internal/warehouse/returns.go:239.3,239.31 1 1
core/internal/warehouse/returns.go:239.31,241.4 1 0
core/internal/warehouse/returns.go:242.3,243.28 2 1
core/internal/warehouse/returns.go:246.2,263.60 2 1
core/internal/warehouse/returns.go:263.60,265.3 1 0
core/internal/warehouse/returns.go:267.2,267.23 1 1
core/internal/warehouse/returns.go:271.95,273.16 2 1
core/internal/warehouse/returns.go:273.16,275.3 1 0
core/internal/warehouse/returns.go:277.2,277.41 1 1
core/internal/warehouse/returns.go:277.41,279.3 1 1
core/internal/warehouse/returns.go:281.2,287.38 6 1
core/internal/warehouse/returns.go:291.102,293.16 2 1
core/internal/warehouse/returns.go:293.16,295.3 1 0
core/internal/warehouse/returns.go:297.2,297.41 1 1
core/internal/warehouse/returns.go:297.41,299.3 1 0
core/internal/warehouse/returns.go:301.2,305.38 4 1
core/internal/warehouse/returns.go:309.108,311.16 2 1
core/internal/warehouse/returns.go:311.16,313.3 1 0
core/internal/warehouse/returns.go:315.2,315.79 1 1
core/internal/warehouse/returns.go:315.79,317.3 1 0
core/internal/warehouse/returns.go:319.2,325.38 6 1
core/internal/warehouse/returns.go:329.184,331.16 2 1
core/internal/warehouse/returns.go:331.16,333.3 1 0
core/internal/warehouse/returns.go:335.2,335.80 1 1
core/internal/warehouse/returns.go:335.80,337.3 1 0
core/internal/warehouse/returns.go:340.2,341.27 2 1
core/internal/warehouse/returns.go:341.27,342.32 1 1
core/internal/warehouse/returns.go:342.32,348.9 6 1
core/internal/warehouse/returns.go:352.2,352.12 1 1
core/internal/warehouse/returns.go:352.12,354.3 1 0
core/internal/warehouse/returns.go:357.2,357.40 1 1
core/internal/warehouse/returns.go:357.40,359.3 1 1
core/internal/warehouse/returns.go:361.2,363.38 2 1
core/internal/warehouse/returns.go:367.101,369.16 2 1
core/internal/warehouse/returns.go:369.16,371.3 1 0
core/internal/warehouse/returns.go:373.2,373.42 1 1
core/internal/warehouse/returns.go:373.42,375.3 1 0
core/internal/warehouse/returns.go:378.2,378.33 1 1
core/internal/warehouse/returns.go:378.33,379.53 1 1
core/internal/warehouse/returns.go:379.53,381.4 1 1
core/internal/warehouse/returns.go:384.2,390.38 6 1
core/internal/warehouse/returns.go:394.88,396.16 2 1
core/internal/warehouse/returns.go:396.16,398.3 1 0
core/internal/warehouse/returns.go:400.2,400.41 1 1
core/internal/warehouse/returns.go:400.41,402.3 1 0
core/internal/warehouse/returns.go:404.2,404.27 1 1
core/internal/warehouse/returns.go:404.27,406.3 1 0
core/internal/warehouse/returns.go:408.2,410.27 2 1
core/internal/warehouse/returns.go:410.27,413.27 2 1
core/internal/warehouse/returns.go:414.27,417.18 2 1
core/internal/warehouse/returns.go:417.18,419.5 1 0
core/internal/warehouse/returns.go:420.4,420.27 1 1
core/internal/warehouse/returns.go:422.30,425.27 1 0
core/internal/warehouse/returns.go:427.28,427.28 0 0
core/internal/warehouse/returns.go:431.32,431.32 0 0
core/internal/warehouse/returns.go:435.29,435.29 0 0
core/internal/warehouse/returns.go:441.2,442.38 2 1
core/internal/warehouse/returns.go:446.102,448.16 2 1
core/internal/warehouse/returns.go:448.16,461.3 1 0
core/internal/warehouse/returns.go:463.2,467.64 4 1
core/internal/warehouse/returns.go:467.64,469.3 1 0
core/internal/warehouse/returns.go:472.2,484.54 2 1
core/internal/warehouse/returns.go:488.97,490.16 2 1
core/internal/warehouse/returns.go:490.16,492.3 1 0
core/internal/warehouse/returns.go:494.2,494.41 1 1
core/internal/warehouse/returns.go:494.41,496.3 1 0
core/internal/warehouse/returns.go:499.2,500.33 2 1
core/internal/warehouse/returns.go:500.33,504.25 2 1
core/internal/warehouse/returns.go:505.45,505.45 0 0
core/internal/warehouse/returns.go:507.28,508.23 1 1
core/internal/warehouse/returns.go:509.22,510.23 1 1
core/internal/warehouse/returns.go:513.3,513.30 1 1
core/internal/warehouse/returns.go:516.2,524.38 8 1
core/internal/warehouse/returns.go:528.114,530.16 2 1
core/internal/warehouse/returns.go:530.16,532.3 1 0
core/internal/warehouse/returns.go:534.2,534.40 1 1
core/internal/warehouse/returns.go:534.40,536.3 1 0
core/internal/warehouse/returns.go:539.2,552.61 3 1
core/internal/warehouse/returns.go:552.61,554.3 1 0
core/internal/warehouse/returns.go:557.2,562.54 5 1
core/internal/warehouse/returns.go:562.54,564.3 1 0
core/internal/warehouse/returns.go:566.2,566.19 1 1
core/internal/warehouse/returns.go:570.91,572.2 1 1
core/internal/warehouse/returns.go:575.144,577.2 1 1
core/internal/warehouse/returns.go:580.123,582.2 1 1
core/internal/warehouse/returns.go:585.123,587.2 1 1
core/internal/warehouse/returns.go:590.102,592.2 1 1
core/internal/warehouse/returns.go:595.93,598.2 2 1
core/internal/warehouse/returns.go:601.93,603.2 1 1
core/internal/warehouse/returns.go:606.115,608.16 2 1
core/internal/warehouse/returns.go:608.16,610.3 1 0
core/internal/warehouse/returns.go:613.2,614.38 2 1
core/internal/warehouse/returns.go:614.38,616.3 1 1
core/internal/warehouse/returns.go:619.2,620.16 2 1
core/internal/warehouse/returns.go:620.16,622.3 1 0
core/internal/warehouse/returns.go:624.2,624.29 1 1
core/internal/warehouse/returns.go:624.29,625.75 1 1
core/internal/warehouse/returns.go:625.75,627.4 1 1
core/internal/warehouse/returns.go:630.2,630.22 1 1
core/internal/warehouse/returns.go:634.59,645.2 1 1
core/internal/warehouse/returns.go:648.65,657.2 1 1
core/internal/warehouse/returns.go:660.69,670.2 1 1
core/internal/warehouse/split_shipment.go:130.137,131.30 1 1
core/internal/warehouse/split_shipment.go:131.30,133.3 1 1
core/internal/warehouse/split_shipment.go:134.2,134.37 1 1
core/internal/warehouse/split_shipment.go:134.37,136.3 1 1
core/internal/warehouse/split_shipment.go:138.2,142.3 1 1
core/internal/warehouse/split_shipment.go:146.188,147.21 1 1
core/internal/warehouse/split_shipment.go:147.21,149.3 1 1
core/internal/warehouse/split_shipment.go:152.2,153.16 2 1
core/internal/warehouse/split_shipment.go:153.16,155.3 1 1
core/internal/warehouse/split_shipment.go:158.2,162.23 3 1
core/internal/warehouse/split_shipment.go:162.23,164.3 1 1
core/internal/warehouse/split_shipment.go:167.2,167.26 1 1
core/internal/warehouse/split_shipment.go:167.26,169.3 1 1
core/internal/warehouse/split_shipment.go:172.2,173.16 2 1
core/internal/warehouse/split_shipment.go:173.16,175.3 1 1
core/internal/warehouse/split_shipment.go:177.2,177.23 1 1
core/internal/warehouse/split_shipment.go:181.119,184.29 2 1
core/internal/warehouse/split_shipment.go:184.29,186.17 2 1
core/internal/warehouse/split_shipment.go:186.17,187.12 1 0
core/internal/warehouse/split_shipment.go:190.3,190.32 1 1
core/internal/warehouse/split_shipment.go:190.32,191.27 1 1
core/internal/warehouse/split_shipment.go:191.27,192.47 1 1
core/internal/warehouse/split_shipment.go:192.47,194.6 1 1
core/internal/warehouse/split_shipment.go:195.5,195.70 1 1
core/internal/warehouse/split_shipment.go:200.2,200.21 1 1
core/internal/warehouse/split_shipment.go:204.217,208.47 2 1
core/internal/warehouse/split_shipment.go:208.47,210.30 2 1
core/internal/warehouse/split_shipment.go:210.30,211.45 1 1
core/internal/warehouse/split_shipment.go:211.45,213.10 2 1
core/internal/warehouse/split_shipment.go:216.3,216.17 1 1
core/internal/warehouse/split_shipment.go:216.17,218.4 1 1
core/internal/warehouse/split_shipment.go:221.2,221.26 1 1
core/internal/warehouse/split_shipment.go:221.26,223.3 1 1
core/internal/warehouse/split_shipment.go:226.2,227.30 2 1
core/internal/warehouse/split_shipment.go:227.30,229.3 1 1
core/internal/warehouse/split_shipment.go:231.2,231.45 1 1
core/internal/warehouse/split_shipment.go:231.45,234.29 3 1
core/internal/warehouse/split_shipment.go:234.29,236.4 1 0
core/internal/warehouse/split_shipment.go:238.3,238.19 1 1
core/internal/warehouse/split_shipment.go:239.24,240.46 1 1
core/internal/warehouse/split_shipment.go:241.25,242.44 1 1
core/internal/warehouse/split_shipment.go:243.11,245.104 1 0
core/internal/warehouse/split_shipment.go:249.2,254.29 4 1
core/internal/warehouse/split_shipment.go:254.29,263.3 1 1
core/internal/warehouse/split_shipment.go:265.2,289.13 3 1
core/internal/warehouse/split_shipment.go:293.226,296.30 2 1
core/internal/warehouse/split_shipment.go:296.30,298.3 1 1
core/internal/warehouse/split_shipment.go:301.2,302.29 2 1
core/internal/warehouse/split_shipment.go:302.29,304.3 1 1
core/internal/warehouse/split_shipment.go:306.2,312.31 5 1
core/internal/warehouse/split_shipment.go:312.31,314.3 1 1
core/internal/warehouse/split_shipment.go:316.2,316.51 1 1
core/internal/warehouse/split_shipment.go:316.51,319.29 3 1
core/internal/warehouse/split_shipment.go:319.29,321.4 1 0
core/internal/warehouse/split_shipment.go:323.3,323.19 1 1
core/internal/warehouse/split_shipment.go:324.24,325.46 1 0
core/internal/warehouse/split_shipment.go:326.25,327.44 1 0
core/internal/warehouse/split_shipment.go:328.11,329.104 1 1
core/internal/warehouse/split_shipment.go:334.2,334.47 1 1
core/internal/warehouse/split_shipment.go:334.47,335.46 1 1
core/internal/warehouse/split_shipment.go:335.46,336.9 1 0
core/internal/warehouse/split_shipment.go:339.3,343.30 4 1
core/internal/warehouse/split_shipment.go:343.30,344.38 1 1
core/internal/warehouse/split_shipment.go:344.38,345.13 1 1
core/internal/warehouse/split_shipment.go:348.4,349.22 2 1
core/internal/warehouse/split_shipment.go:349.22,350.13 1 1
core/internal/warehouse/split_shipment.go:353.4,354.44 2 1
core/internal/warehouse/split_shipment.go:354.44,356.5 1 1
core/internal/warehouse/split_shipment.go:358.4,368.19 3 1
core/internal/warehouse/split_shipment.go:371.3,371.69 1 1
core/internal/warehouse/split_shipment.go:371.69,373.19 2 1
core/internal/warehouse/split_shipment.go:373.19,374.13 1 0
core/internal/warehouse/split_shipment.go:377.4,392.36 4 1
core/internal/warehouse/split_shipment.go:392.36,394.5 1 1
core/internal/warehouse/split_shipment.go:399.2,399.40 1 1
core/internal/warehouse/split_shipment.go:399.40,400.14 1 1
core/internal/warehouse/split_shipment.go:400.14,402.4 1 1
core/internal/warehouse/split_shipment.go:405.2,405.25 1 1
core/internal/warehouse/split_shipment.go:405.25,407.3 1 0
core/internal/warehouse/split_shipment.go:410.2,410.65 1 1
core/internal/warehouse/split_shipment.go:410.65,413.3 2 1
core/internal/warehouse/split_shipment.go:415.2,427.61 2 1
core/internal/warehouse/split_shipment.go:427.61,429.3 1 0
core/internal/warehouse/split_shipment.go:431.2,431.18 1 1
core/internal/warehouse/split_shipment.go:435.106,437.16 2 1
core/internal/warehouse/split_shipment.go:437.16,439.3 1 1
core/internal/warehouse/split_shipment.go:441.2,446.32 4 1
core/internal/warehouse/split_shipment.go:446.32,448.3 1 1
core/internal/warehouse/split_shipment.go:450.2,450.45 1 1
core/internal/warehouse/split_shipment.go:454.131,456.16 2 1
core/internal/warehouse/split_shipment.go:456.16,458.3 1 1
core/internal/warehouse/split_shipment.go:460.2,462.32 2 1
core/internal/warehouse/split_shipment.go:462.32,463.41 1 1
core/internal/warehouse/split_shipment.go:463.41,465.28 2 1
core/internal/warehouse/split_shipment.go:465.28,467.5 1 1
core/internal/warehouse/split_shipment.go:468.4,468.27 1 1
core/internal/warehouse/split_shipment.go:468.27,470.5 1 1
core/internal/warehouse/split_shipment.go:471.4,471.29 1 1
core/internal/warehouse/split_shipment.go:471.29,473.5 1 1
core/internal/warehouse/split_shipment.go:474.4,474.9 1 1
core/internal/warehouse/split_shipment.go:478.2,478.45 1 1
core/internal/warehouse/split_shipment.go:482.103,484.2 1 1
core/internal/warehouse/split_shipment.go:487.115,489.2 1 1
core/internal/warehouse/split_shipment.go:492.121,495.47 2 1
core/internal/warehouse/split_shipment.go:495.47,497.30 2 1
core/internal/warehouse/split_shipment.go:497.30,498.45 1 1
core/internal/warehouse/split_shipment.go:498.45,500.10 2 1
core/internal/warehouse/split_shipment.go:503.3,503.17 1 1
core/internal/warehouse/split_shipment.go:503.17,506.18 2 1
core/internal/warehouse/split_shipment.go:506.18,508.5 1 0
core/internal/warehouse/split_shipment.go:509.4,509.29 1 1
core/internal/warehouse/split_shipment.go:513.2,513.23 1 1
core/internal/warehouse/split_shipment.go:517.172,522.38 3 1
core/internal/warehouse/split_shipment.go:522.38,524.17 2 1
core/internal/warehouse/split_shipment.go:524.17,525.12 1 1
core/internal/warehouse/split_shipment.go:527.3,527.34 1 1
core/internal/warehouse/split_shipment.go:530.2,530.23 1 1
core/internal/warehouse/split_shipment.go:530.23,532.3 1 1
core/internal/warehouse/split_shipment.go:534.2,534.21 1 1
core/internal/warehouse/split_shipment.go:538.95,540.16 2 1
core/internal/warehouse/split_shipment.go:540.16,542.3 1 0
core/internal/warehouse/split_shipment.go:544.2,544.30 1 1
core/internal/warehouse/split_shipment.go:544.30,546.3 1 1
core/internal/warehouse/split_shipment.go:552.2,552.12 1 1
core/internal/warehouse/split_shipment.go:556.189,559.16 3 1
core/internal/warehouse/split_shipment.go:559.16,561.3 1 0
core/internal/warehouse/split_shipment.go:563.2,564.30 2 1
core/internal/warehouse/split_shipment.go:564.30,566.3 1 1
core/internal/warehouse/split_shipment.go:568.2,574.29 6 1
core/internal/warehouse/split_shipment.go:574.29,576.3 1 1
core/internal/warehouse/split_shipment.go:579.2,579.47 1 1
core/internal/warehouse/split_shipment.go:579.47,581.18 2 1
core/internal/warehouse/split_shipment.go:581.18,582.12 1 0
core/internal/warehouse/split_shipment.go:585.3,587.30 2 1
core/internal/warehouse/split_shipment.go:587.30,588.38 1 1
core/internal/warehouse/split_shipment.go:588.38,589.13 1 0
core/internal/warehouse/split_shipment.go:592.4,593.22 2 1
core/internal/warehouse/split_shipment.go:593.22,594.13 1 0
core/internal/warehouse/split_shipment.go:597.4,598.44 2 1
core/internal/warehouse/split_shipment.go:598.44,600.5 1 0
core/internal/warehouse/split_shipment.go:602.4,611.41 2 1
core/internal/warehouse/split_shipment.go:614.3,614.29 1 1
core/internal/warehouse/split_shipment.go:614.29,630.36 4 1
core/internal/warehouse/split_shipment.go:630.36,632.5 1 1
core/internal/warehouse/split_shipment.go:637.2,637.29 1 1
core/internal/warehouse/split_shipment.go:637.29,638.36 1 1
core/internal/warehouse/split_shipment.go:638.36,647.4 1 1
core/internal/warehouse/split_shipment.go:650.2,650.25 1 1
core/internal/warehouse/split_shipment.go:650.25,652.3 1 1
core/internal/warehouse/split_shipment.go:654.2,666.61 2 1
core/internal/warehouse/split_shipment.go:666.61,668.3 1 0
core/internal/warehouse/split_shipment.go:670.2,670.31 1 1
core/internal/warehouse/tasks.go:167.55,169.2 1 1
core/internal/warehouse/tasks.go:172.73,179.28 5 1
core/internal/warehouse/tasks.go:179.28,182.3 2 1
core/internal/warehouse/tasks.go:185.2,185.29 1 1
core/internal/warehouse/tasks.go:185.29,187.3 1 1
core/internal/warehouse/tasks.go:189.2,189.37 1 1
core/internal/warehouse/tasks.go:193.178,205.48 2 1
core/internal/warehouse/tasks.go:205.48,207.3 1 0
core/internal/warehouse/tasks.go:209.2,209.18 1 1
core/internal/warehouse/tasks.go:213.137,224.48 2 1
core/internal/warehouse/tasks.go:224.48,226.3 1 0
core/internal/warehouse/tasks.go:228.2,228.18 1 1
core/internal/warehouse/tasks.go:232.132,242.48 2 1
core/internal/warehouse/tasks.go:242.48,244.3 1 0
core/internal/warehouse/tasks.go:246.2,246.18 1 1
core/internal/warehouse/tasks.go:250.139,252.32 2 1
core/internal/warehouse/tasks.go:252.32,257.3 1 1
core/internal/warehouse/tasks.go:259.2,269.48 2 1
core/internal/warehouse/tasks.go:269.48,271.3 1 0
core/internal/warehouse/tasks.go:273.2,273.18 1 1
core/internal/warehouse/tasks.go:277.86,279.16 2 1
core/internal/warehouse/tasks.go:279.16,281.3 1 0
core/internal/warehouse/tasks.go:283.2,283.38 1 1
core/internal/warehouse/tasks.go:283.38,285.3 1 1
core/internal/warehouse/tasks.go:287.2,288.16 2 1
core/internal/warehouse/tasks.go:288.16,290.3 1 1
core/internal/warehouse/tasks.go:292.2,292.34 1 1
core/internal/warehouse/tasks.go:292.34,294.3 1 1
core/internal/warehouse/tasks.go:296.2,301.53 5 1
core/internal/warehouse/tasks.go:301.53,303.3 1 0
core/internal/warehouse/tasks.go:306.2,310.41 4 1
core/internal/warehouse/tasks.go:314.75,316.16 2 1
core/internal/warehouse/tasks.go:316.16,318.3 1 0
core/internal/warehouse/tasks.go:320.2,320.74 1 1
core/internal/warehouse/tasks.go:320.74,322.3 1 1
core/internal/warehouse/tasks.go:324.2,329.37 5 1
core/internal/warehouse/tasks.go:333.83,335.16 2 1
core/internal/warehouse/tasks.go:335.16,337.3 1 0
core/internal/warehouse/tasks.go:339.2,339.41 1 1
core/internal/warehouse/tasks.go:339.41,341.3 1 1
core/internal/warehouse/tasks.go:343.2,349.37 6 1
core/internal/warehouse/tasks.go:353.122,355.16 2 1
core/internal/warehouse/tasks.go:355.16,357.3 1 0
core/internal/warehouse/tasks.go:359.2,359.41 1 1
core/internal/warehouse/tasks.go:359.41,361.3 1 1
core/internal/warehouse/tasks.go:363.2,364.28 2 1
core/internal/warehouse/tasks.go:364.28,365.33 1 1
core/internal/warehouse/tasks.go:365.33,370.9 5 1
core/internal/warehouse/tasks.go:374.2,374.12 1 1
core/internal/warehouse/tasks.go:374.12,376.3 1 1
core/internal/warehouse/tasks.go:378.2,379.37 2 1
core/internal/warehouse/tasks.go:383.94,385.16 2 1
core/internal/warehouse/tasks.go:385.16,387.3 1 0
core/internal/warehouse/tasks.go:389.2,389.28 1 1
core/internal/warehouse/tasks.go:389.28,390.33 1 1
core/internal/warehouse/tasks.go:390.33,393.9 3 1
core/internal/warehouse/tasks.go:397.2,398.37 2 1
core/internal/warehouse/tasks.go:402.78,404.16 2 1
core/internal/warehouse/tasks.go:404.16,406.3 1 0
core/internal/warehouse/tasks.go:408.2,408.41 1 1
core/internal/warehouse/tasks.go:408.41,410.3 1 1
core/internal/warehouse/tasks.go:412.2,418.27 5 1
core/internal/warehouse/tasks.go:418.27,420.3 1 1
core/internal/warehouse/tasks.go:422.2,422.53 1 1
core/internal/warehouse/tasks.go:422.53,424.3 1 0
core/internal/warehouse/tasks.go:427.2,427.27 1 1
core/internal/warehouse/tasks.go:427.27,429.17 2 1
core/internal/warehouse/tasks.go:429.17,434.4 4 1
core/internal/warehouse/tasks.go:437.2,437.12 1 1
core/internal/warehouse/tasks.go:441.84,443.16 2 1
core/internal/warehouse/tasks.go:443.16,445.3 1 0
core/internal/warehouse/tasks.go:447.2,447.40 1 1
core/internal/warehouse/tasks.go:447.40,449.3 1 1
core/internal/warehouse/tasks.go:451.2,455.53 4 1
core/internal/warehouse/tasks.go:455.53,457.3 1 0
core/internal/warehouse/tasks.go:460.2,460.27 1 1
core/internal/warehouse/tasks.go:460.27,462.49 2 1
core/internal/warehouse/tasks.go:462.49,466.4 3 1
core/internal/warehouse/tasks.go:469.2,469.12 1 1
core/internal/warehouse/tasks.go:473.78,475.2 1 1
core/internal/warehouse/tasks.go:478.148,480.2 1 1
core/internal/warehouse/tasks.go:483.97,485.2 1 1
core/internal/warehouse/tasks.go:488.137,490.16 2 1
core/internal/warehouse/tasks.go:490.16,492.3 1 0
core/internal/warehouse/tasks.go:494.2,494.34 1 1
core/internal/warehouse/tasks.go:494.34,496.3 1 1
core/internal/warehouse/tasks.go:499.2,500.25 2 1
core/internal/warehouse/tasks.go:500.25,502.22 1 1
core/internal/warehouse/tasks.go:503.17,504.62 1 1
core/internal/warehouse/tasks.go:505.17,506.43 1 1
core/internal/warehouse/tasks.go:507.19,508.62 1 1
core/internal/warehouse/tasks.go:509.11,510.77 1 1
core/internal/warehouse/tasks.go:514.2,514.66 1 1
core/internal/warehouse/tasks.go:518.79,524.2 5 1
core/internal/warehouse/tasks.go:527.75,529.16 2 1
core/internal/warehouse/tasks.go:529.16,531.3 1 0
core/internal/warehouse/tasks.go:533.2,538.41 5 1
core/internal/warehouse/tasks.go:542.76,544.16 2 1
core/internal/warehouse/tasks.go:544.16,546.3 1 0
core/internal/warehouse/tasks.go:549.2,549.30 1 1
core/internal/warehouse/tasks.go:549.30,551.3 1 1
core/internal/warehouse/tasks.go:553.2,558.41 5 1
core/internal/warehouse/tasks.go:562.82,564.16 2 1
core/internal/warehouse/tasks.go:564.16,566.3 1 1
core/internal/warehouse/tasks.go:568.2,568.30 1 1
core/internal/warehouse/tasks.go:568.30,570.3 1 1
core/internal/warehouse/tasks.go:572.2,575.41 3 1
core/internal/warehouse/tasks.go:579.82,581.2 1 1
core/internal/warehouse/tasks.go:584.110,586.2 1 1
core/internal/warehouse/tasks.go:589.118,591.2 1 1
core/internal/warehouse/tasks.go:594.133,596.16 2 1
core/internal/warehouse/tasks.go:596.16,598.3 1 0
core/internal/warehouse/tasks.go:601.2,601.40 1 1
core/internal/warehouse/tasks.go:601.40,603.3 1 1
core/internal/warehouse/tasks.go:605.2,605.19 1 1
core/internal/warehouse/tasks.go:609.94,612.16 2 1
core/internal/warehouse/tasks.go:612.16,614.3 1 0
core/internal/warehouse/tasks.go:617.2,618.16 2 1
core/internal/warehouse/tasks.go:618.16,620.3 1 0
core/internal/warehouse/tasks.go:622.2,622.49 1 1
core/internal/warehouse/tasks.go:622.49,624.3 1 1
core/internal/warehouse/tasks.go:627.2,627.47 1 1
core/internal/warehouse/tasks.go:627.47,628.59 1 1
core/internal/warehouse/tasks.go:628.59,630.4 1 1
core/internal/warehouse/tasks.go:631.3,631.71 1 0
core/internal/warehouse/tasks.go:631.71,633.4 1 0
core/internal/warehouse/tasks.go:634.3,634.15 1 0
core/internal/warehouse/tasks.go:638.2,639.36 2 1
core/internal/warehouse/tasks.go:639.36,640.34 1 1
core/internal/warehouse/tasks.go:640.34,641.9 1 1
core/internal/warehouse/tasks.go:644.3,648.20 3 1
core/internal/warehouse/tasks.go:649.24,650.66 1 1
core/internal/warehouse/tasks.go:651.24,652.66 1 1
core/internal/warehouse/tasks.go:653.24,654.68 1 1
core/internal/warehouse/tasks.go:657.3,657.15 1 1
core/internal/warehouse/tasks.go:657.15,660.4 2 1
core/internal/warehouse/tasks.go:663.2,663.12 1 1
core/internal/warehouse/warehouse.go:175.70,177.2 1 1
core/internal/warehouse/warehouse.go:180.85,184.2 3 1
core/internal/warehouse/warehouse.go:187.85,190.2 2 1
core/internal/warehouse/warehouse.go:193.82,195.2 1 1
core/internal/warehouse/warehouse.go:198.93,200.2 1 1
core/internal/warehouse/warehouse.go:203.103,205.2 1 1
core/internal/warehouse/warehouse.go:208.105,210.2 1 1
core/internal/warehouse/warehouse.go:213.101,215.2 1 1
core/internal/warehouse/warehouse.go:218.98,220.16 2 1
core/internal/warehouse/warehouse.go:220.16,222.3 1 0
core/internal/warehouse/warehouse.go:224.2,225.31 2 1
core/internal/warehouse/warehouse.go:225.31,227.3 1 1
core/internal/warehouse/warehouse.go:228.2,228.19 1 1
core/internal/warehouse/warehouse.go:232.158,233.19 1 1
core/internal/warehouse/warehouse.go:233.19,235.3 1 1
core/internal/warehouse/warehouse.go:237.2,238.16 2 1
core/internal/warehouse/warehouse.go:238.16,250.3 1 1
core/internal/warehouse/warehouse.go:252.2,256.55 4 1
core/internal/warehouse/warehouse.go:256.55,258.3 1 0
core/internal/warehouse/warehouse.go:261.2,274.45 2 1
core/internal/warehouse/warehouse.go:278.148,279.19 1 1
core/internal/warehouse/warehouse.go:279.19,281.3 1 1
core/internal/warehouse/warehouse.go:283.2,284.16 2 1
core/internal/warehouse/warehouse.go:284.16,286.3 1 1
core/internal/warehouse/warehouse.go:288.2,288.32 1 1
core/internal/warehouse/warehouse.go:288.32,290.3 1 1
core/internal/warehouse/warehouse.go:292.2,296.55 4 1
core/internal/warehouse/warehouse.go:296.55,298.3 1 0
core/internal/warehouse/warehouse.go:301.2,313.45 2 1
core/internal/warehouse/warehouse.go:317.164,318.19 1 1
core/internal/warehouse/warehouse.go:318.19,320.3 1 1
core/internal/warehouse/warehouse.go:322.2,323.16 2 1
core/internal/warehouse/warehouse.go:323.16,325.3 1 1
core/internal/warehouse/warehouse.go:327.2,327.32 1 1
core/internal/warehouse/warehouse.go:327.32,329.3 1 1
core/internal/warehouse/warehouse.go:332.2,336.55 4 1
core/internal/warehouse/warehouse.go:336.55,338.3 1 0
core/internal/warehouse/warehouse.go:341.2,352.67 2 1
core/internal/warehouse/warehouse.go:352.67,354.3 1 0
core/internal/warehouse/warehouse.go:356.2,356.25 1 1
core/internal/warehouse/warehouse.go:360.96,362.16 2 1
core/internal/warehouse/warehouse.go:362.16,364.3 1 1
core/internal/warehouse/warehouse.go:366.2,366.36 1 1
core/internal/warehouse/warehouse.go:366.36,368.3 1 1
core/internal/warehouse/warehouse.go:370.2,371.16 2 1
core/internal/warehouse/warehouse.go:371.16,373.3 1 0
core/internal/warehouse/warehouse.go:375.2,376.24 2 1
core/internal/warehouse/warehouse.go:376.24,378.3 1 1
core/internal/warehouse/warehouse.go:379.2,382.55 3 1
core/internal/warehouse/warehouse.go:382.55,384.3 1 0
core/internal/warehouse/warehouse.go:386.2,387.51 2 1
core/internal/warehouse/warehouse.go:391.96,393.16 2 1
core/internal/warehouse/warehouse.go:393.16,395.3 1 1
core/internal/warehouse/warehouse.go:397.2,397.36 1 1
core/internal/warehouse/warehouse.go:397.36,399.3 1 1
core/internal/warehouse/warehouse.go:401.2,402.16 2 1
core/internal/warehouse/warehouse.go:402.16,404.3 1 1
core/internal/warehouse/warehouse.go:407.2,409.24 3 1
core/internal/warehouse/warehouse.go:409.24,411.3 1 1
core/internal/warehouse/warehouse.go:412.2,415.55 3 1
core/internal/warehouse/warehouse.go:415.55,417.3 1 0
core/internal/warehouse/warehouse.go:419.2,420.51 2 1
core/internal/warehouse/warehouse.go:424.152,425.19 1 1
core/internal/warehouse/warehouse.go:425.19,427.3 1 1
core/internal/warehouse/warehouse.go:429.2,429.38 1 1
core/internal/warehouse/warehouse.go:429.38,431.3 1 1
core/internal/warehouse/warehouse.go:434.2,435.16 2 1
core/internal/warehouse/warehouse.go:435.16,437.3 1 1
core/internal/warehouse/warehouse.go:439.2,439.36 1 1
core/internal/warehouse/warehouse.go:439.36,441.3 1 1
core/internal/warehouse/warehouse.go:444.2,448.59 4 1
core/internal/warehouse/warehouse.go:448.59,450.3 1 0
core/internal/warehouse/warehouse.go:453.2,454.16 2 1
core/internal/warehouse/warehouse.go:454.16,465.3 1 1
core/internal/warehouse/warehouse.go:467.2,471.57 4 1
core/internal/warehouse/warehouse.go:471.57,473.3 1 0
core/internal/warehouse/warehouse.go:476.2,488.45 2 1
core/internal/warehouse/warehouse.go:492.122,494.16 2 1
core/internal/warehouse/warehouse.go:494.16,496.3 1 0
core/internal/warehouse/warehouse.go:499.2,500.16 2 1
core/internal/warehouse/warehouse.go:500.16,502.3 1 0
core/internal/warehouse/warehouse.go:505.2,506.31 2 1
core/internal/warehouse/warehouse.go:506.31,507.22 1 1
core/internal/warehouse/warehouse.go:507.22,509.4 1 1
core/internal/warehouse/warehouse.go:513.2,516.31 3 1
core/internal/warehouse/warehouse.go:516.31,517.34 1 1
core/internal/warehouse/warehouse.go:517.34,519.61 2 1
core/internal/warehouse/warehouse.go:519.61,522.5 2 1
core/internal/warehouse/warehouse.go:526.2,526.25 1 1
core/internal/warehouse/warehouse.go:526.25,531.3 1 1
core/internal/warehouse/warehouse.go:533.2,538.8 1 1
core/internal/warehouse/warehouse.go:542.142,544.16 2 1
core/internal/warehouse/warehouse.go:544.16,556.3 1 0
core/internal/warehouse/warehouse.go:558.2,559.21 2 1
core/internal/warehouse/warehouse.go:559.21,561.3 1 1
core/internal/warehouse/warehouse.go:563.2,565.25 3 1
core/internal/warehouse/warehouse.go:565.25,567.3 1 1
core/internal/warehouse/warehouse.go:568.2,570.55 2 1
core/internal/warehouse/warehouse.go:570.55,572.3 1 0
core/internal/warehouse/warehouse.go:575.2,587.20 2 1
core/internal/warehouse/warehouse.go:587.20,591.3 3 1
core/internal/warehouse/warehouse.go:593.2,593.45 1 1
core/internal/warehouse/warehouse.go:597.107,599.2 1 1
core/internal/warehouse/warehouse.go:602.145,604.2 1 1
core/internal/warehouse/warehouse.go:606.26,608.2 1 1
core/internal/warehouse/warehouse.go:610.33,613.19 3 1
core/internal/warehouse/warehouse.go:613.19,615.3 1 1
core/internal/warehouse/warehouse.go:616.2,616.18 1 1
core/internal/warehouse/warehouse_map.go:250.52,252.2 1 1
core/internal/warehouse/warehouse_map.go:255.72,260.2 4 1
core/internal/warehouse/warehouse_map.go:263.72,266.2 2 1
core/internal/warehouse/warehouse_map.go:269.77,271.2 1 1
core/internal/warehouse/warehouse_map.go:274.90,276.2 1 1
core/internal/warehouse/warehouse_map.go:279.79,286.23 5 1
core/internal/warehouse/warehouse_map.go:286.23,288.3 1 1
core/internal/warehouse/warehouse_map.go:290.2,290.40 1 1
core/internal/warehouse/warehouse_map.go:294.79,297.2 2 1
core/internal/warehouse/warehouse_map.go:300.85,302.2 1 1
core/internal/warehouse/warehouse_map.go:305.106,307.2 1 1
core/internal/warehouse/warehouse_map.go:310.99,312.2 1 1
core/internal/warehouse/warehouse_map.go:315.127,317.2 1 1
core/internal/warehouse/warehouse_map.go:320.162,322.16 2 1
core/internal/warehouse/warehouse_map.go:322.16,324.3 1 1
core/internal/warehouse/warehouse_map.go:327.2,327.24 1 1
core/internal/warehouse/warehouse_map.go:327.24,329.3 1 1
core/internal/warehouse/warehouse_map.go:331.2,331.53 1 1
core/internal/warehouse/warehouse_map.go:331.53,333.3 1 1
core/internal/warehouse/warehouse_map.go:336.2,336.53 1 1
core/internal/warehouse/warehouse_map.go:336.53,338.3 1 1
core/internal/warehouse/warehouse_map.go:341.2,351.67 2 1
core/internal/warehouse/warehouse_map.go:351.67,353.3 1 0
core/internal/warehouse/warehouse_map.go:356.2,362.18 6 1
core/internal/warehouse/warehouse_map.go:362.18,364.3 1 1
core/internal/warehouse/warehouse_map.go:364.8,366.3 1 1
core/internal/warehouse/warehouse_map.go:368.2,368.40 1 1
core/internal/warehouse/warehouse_map.go:372.105,374.16 2 1
core/internal/warehouse/warehouse_map.go:374.16,376.3 1 1
core/internal/warehouse/warehouse_map.go:378.2,378.31 1 1
core/internal/warehouse/warehouse_map.go:378.31,380.3 1 1
core/internal/warehouse/warehouse_map.go:382.2,387.25 5 1
core/internal/warehouse/warehouse_map.go:387.25,391.3 3 1
core/internal/warehouse/warehouse_map.go:391.8,393.3 1 1
core/internal/warehouse/warehouse_map.go:395.2,395.40 1 1
core/internal/warehouse/warehouse_map.go:399.143,402.16 2 1
core/internal/warehouse/warehouse_map.go:402.16,403.33 1 1
core/internal/warehouse/warehouse_map.go:403.33,404.50 1 1
core/internal/warehouse/warehouse_map.go:404.50,408.5 1 1
core/internal/warehouse/warehouse_map.go:413.2,414.16 2 1
core/internal/warehouse/warehouse_map.go:414.16,416.3 1 0
core/internal/warehouse/warehouse_map.go:418.2,418.25 1 1
core/internal/warehouse/warehouse_map.go:418.25,421.40 2 1
core/internal/warehouse/warehouse_map.go:421.40,423.4 1 1
core/internal/warehouse/warehouse_map.go:427.2,427.26 1 1
core/internal/warehouse/warehouse_map.go:431.108,433.2 1 1
core/internal/warehouse/warehouse_map.go:436.118,438.2 1 1
core/internal/warehouse/warehouse_map.go:441.133,444.33 2 1
core/internal/warehouse/warehouse_map.go:444.33,446.17 2 1
core/internal/warehouse/warehouse_map.go:446.17,447.12 1 0
core/internal/warehouse/warehouse_map.go:449.3,449.37 1 1
core/internal/warehouse/warehouse_map.go:452.2,452.24 1 1
core/internal/warehouse/warehouse_map.go:452.24,454.3 1 1
core/internal/warehouse/warehouse_map.go:458.2,467.42 7 1
core/internal/warehouse/warehouse_map.go:467.42,471.33 3 1
core/internal/warehouse/warehouse_map.go:471.33,472.23 1 1
core/internal/warehouse/warehouse_map.go:472.23,473.13 1 1
core/internal/warehouse/warehouse_map.go:476.4,477.45 2 1
core/internal/warehouse/warehouse_map.go:477.45,480.5 2 1
core/internal/warehouse/warehouse_map.go:483.3,483.21 1 1
core/internal/warehouse/warehouse_map.go:483.21,488.4 4 1
core/internal/warehouse/warehouse_map.go:491.2,491.42 1 1
core/internal/warehouse/warehouse_map.go:495.48,500.2 4 1
core/internal/warehouse/warehouse_map.go:503.117,505.43 2 1
core/internal/warehouse/warehouse_map.go:505.43,506.44 1 1
core/internal/warehouse/warehouse_map.go:506.44,510.4 2 1
core/internal/warehouse/warehouse_map.go:512.2,512.14 1 1
core/internal/warehouse/warehouse_map.go:515.37,517.29 2 1
core/internal/warehouse/warehouse_map.go:517.29,519.3 1 1
core/internal/warehouse/warehouse_map.go:520.2,521.13 2 1
core/internal/warehouse/warehouse_map.go:521.13,523.3 1 0
core/internal/warehouse/warehouse_map.go:524.2,524.27 1 1
core/internal/warehouse/warehouse_map.go:528.109,530.16 2 1
core/internal/warehouse/warehouse_map.go:530.16,532.3 1 0
core/internal/warehouse/warehouse_map.go:534.2,535.29 2 1
core/internal/warehouse/warehouse_map.go:535.29,537.30 2 1
core/internal/warehouse/warehouse_map.go:537.30,539.4 1 1
core/internal/warehouse/warehouse_map.go:541.3,549.5 1 1
core/internal/warehouse/warehouse_map.go:552.2,552.20 1 1
