mode: atomic
core/internal/eventbus/publisher.go:19.92,22.2 1 0
core/cmd/main.go:14.13,19.17 3 0
core/cmd/main.go:19.17,21.3 1 0
core/cmd/main.go:23.2,27.26 3 0
core/cmd/main.go:27.26,29.17 2 0
core/cmd/main.go:29.17,30.35 1 0
core/cmd/main.go:30.35,31.10 1 0
core/cmd/main.go:34.3,35.30 2 0
core/cmd/main.go:37.2,37.16 1 0
core/cmd/main.go:37.16,39.3 1 0
core/cmd/main.go:41.2,42.16 2 0
core/cmd/main.go:42.16,44.3 1 0
core/cmd/main.go:47.2,51.16 4 0
core/cmd/main.go:51.16,53.3 1 0
core/cmd/main.go:55.2,56.73 2 0
core/cmd/main.go:56.73,59.3 2 0
core/cmd/main.go:62.2,63.75 2 0
core/cmd/main.go:63.75,64.19 1 0
core/cmd/main.go:65.24,66.31 1 0
core/cmd/main.go:67.23,68.30 1 0
core/cmd/main.go:69.11,70.68 1 0
core/cmd/main.go:74.2,74.76 1 0
core/cmd/main.go:74.76,78.36 2 0
core/cmd/main.go:78.36,79.38 1 0
core/cmd/main.go:79.38,82.5 2 0
core/cmd/main.go:83.4,83.38 1 0
core/cmd/main.go:83.38,86.5 2 0
core/cmd/main.go:87.4,87.61 1 0
core/cmd/main.go:87.61,90.5 2 0
core/cmd/main.go:93.3,93.19 1 0
core/cmd/main.go:94.23,95.28 1 0
core/cmd/main.go:96.23,97.31 1 0
core/cmd/main.go:98.26,99.31 1 0
core/cmd/main.go:100.11,101.68 1 0
core/cmd/main.go:106.2,106.77 1 0
core/cmd/main.go:106.77,107.19 1 0
core/cmd/main.go:108.24,109.32 1 0
core/cmd/main.go:110.23,111.32 1 0
core/cmd/main.go:112.11,113.68 1 0
core/cmd/main.go:117.2,117.78 1 0
core/cmd/main.go:117.78,118.19 1 0
core/cmd/main.go:119.23,120.29 1 0
core/cmd/main.go:121.26,122.32 1 0
core/cmd/main.go:123.11,124.68 1 0
core/cmd/main.go:128.2,129.59 2 0
core/cmd/main.go:129.59,131.3 1 0
core/internal/pim/memory_repo.go:16.46,20.2 1 0
core/internal/pim/memory_repo.go:23.78,27.22 3 0
core/internal/pim/memory_repo.go:27.22,29.3 1 0
core/internal/pim/memory_repo.go:31.2,32.12 2 0
core/internal/pim/memory_repo.go:36.86,40.33 3 0
core/internal/pim/memory_repo.go:40.33,42.3 1 0
core/internal/pim/memory_repo.go:44.2,44.45 1 0
core/internal/pim/memory_repo.go:48.74,53.31 4 0
core/internal/pim/memory_repo.go:53.31,55.3 1 0
core/internal/pim/memory_repo.go:57.2,57.22 1 0
core/internal/pim/postgres_repo.go:16.69,18.36 2 0
core/internal/pim/postgres_repo.go:18.36,20.3 1 0
core/internal/pim/postgres_repo.go:21.2,21.18 1 0
core/internal/pim/postgres_repo.go:24.43,32.47 2 0
core/internal/pim/postgres_repo.go:32.47,34.3 1 0
core/internal/pim/postgres_repo.go:36.2,49.16 3 0
core/internal/pim/postgres_repo.go:49.16,51.3 1 0
core/internal/pim/postgres_repo.go:53.2,58.12 4 0
core/internal/pim/postgres_repo.go:61.74,77.2 3 0
core/internal/pim/postgres_repo.go:79.88,92.48 6 0
core/internal/pim/postgres_repo.go:92.48,93.36 1 0
core/internal/pim/postgres_repo.go:93.36,95.4 1 0
core/internal/pim/postgres_repo.go:96.3,96.18 1 0
core/internal/pim/postgres_repo.go:98.2,98.17 1 0
core/internal/pim/postgres_repo.go:98.17,100.3 1 0
core/internal/pim/postgres_repo.go:101.2,101.16 1 0
core/internal/pim/postgres_repo.go:104.76,112.16 3 0
core/internal/pim/postgres_repo.go:112.16,114.3 1 0
core/internal/pim/postgres_repo.go:115.2,118.18 3 0
core/internal/pim/postgres_repo.go:118.18,123.49 4 0
core/internal/pim/postgres_repo.go:123.49,125.4 1 0
core/internal/pim/postgres_repo.go:126.3,126.18 1 0
core/internal/pim/postgres_repo.go:126.18,128.4 1 0
core/internal/pim/postgres_repo.go:129.3,129.34 1 0
core/internal/pim/postgres_repo.go:131.2,131.29 1 0
core/internal/pim/postgres_repo.go:134.108,144.25 4 0
core/internal/pim/postgres_repo.go:144.25,148.3 3 0
core/internal/pim/postgres_repo.go:150.2,150.28 1 0
core/internal/pim/postgres_repo.go:150.28,154.3 3 0
core/internal/pim/postgres_repo.go:156.2,156.28 1 0
core/internal/pim/postgres_repo.go:156.28,160.3 3 0
core/internal/pim/postgres_repo.go:162.2,162.29 1 0
core/internal/pim/postgres_repo.go:162.29,166.3 3 0
core/internal/pim/postgres_repo.go:168.2,171.16 3 0
core/internal/pim/postgres_repo.go:171.16,173.3 1 0
core/internal/pim/postgres_repo.go:174.2,177.18 3 0
core/internal/pim/postgres_repo.go:177.18,182.49 4 0
core/internal/pim/postgres_repo.go:182.49,184.4 1 0
core/internal/pim/postgres_repo.go:185.3,185.18 1 0
core/internal/pim/postgres_repo.go:185.18,187.4 1 0
core/internal/pim/postgres_repo.go:188.3,188.34 1 0
core/internal/pim/postgres_repo.go:190.2,190.29 1 0
core/internal/pim/postgres_repo.go:193.75,196.16 3 0
core/internal/pim/postgres_repo.go:196.16,198.3 1 0
core/internal/pim/postgres_repo.go:199.2,200.16 2 0
core/internal/pim/postgres_repo.go:200.16,202.3 1 0
core/internal/pim/postgres_repo.go:203.2,203.15 1 0
core/internal/pim/postgres_repo.go:203.15,205.3 1 0
core/internal/pim/postgres_repo.go:206.2,206.12 1 0
core/internal/pim/postgres_repo.go:209.91,212.16 3 0
core/internal/pim/postgres_repo.go:212.16,214.3 1 0
core/internal/pim/postgres_repo.go:215.2,216.16 2 0
core/internal/pim/postgres_repo.go:216.16,218.3 1 0
core/internal/pim/postgres_repo.go:219.2,219.15 1 0
core/internal/pim/postgres_repo.go:219.15,221.3 1 0
core/internal/pim/postgres_repo.go:222.2,222.12 1 0
core/internal/pim/postgres_repo.go:225.97,228.16 3 0
core/internal/pim/postgres_repo.go:228.16,230.3 1 0
core/internal/pim/postgres_repo.go:231.2,232.16 2 0
core/internal/pim/postgres_repo.go:232.16,234.3 1 0
core/internal/pim/postgres_repo.go:235.2,235.15 1 0
core/internal/pim/postgres_repo.go:235.15,237.3 1 0
core/internal/pim/postgres_repo.go:238.2,238.12 1 0
core/internal/pim/postgres_repo.go:241.97,244.16 3 0
core/internal/pim/postgres_repo.go:244.16,246.3 1 0
core/internal/pim/postgres_repo.go:247.2,248.16 2 0
core/internal/pim/postgres_repo.go:248.16,250.3 1 0
core/internal/pim/postgres_repo.go:251.2,251.15 1 0
core/internal/pim/postgres_repo.go:251.15,253.3 1 0
core/internal/pim/postgres_repo.go:254.2,254.12 1 0
core/internal/pim/postgres_repo.go:259.83,267.2 3 0
core/internal/pim/postgres_repo.go:269.97,274.63 4 0
core/internal/pim/postgres_repo.go:274.63,275.36 1 0
core/internal/pim/postgres_repo.go:275.36,277.4 1 0
core/internal/pim/postgres_repo.go:278.3,278.18 1 0
core/internal/pim/postgres_repo.go:280.2,280.16 1 0
core/internal/pim/postgres_repo.go:283.87,286.16 3 0
core/internal/pim/postgres_repo.go:286.16,288.3 1 0
core/internal/pim/postgres_repo.go:289.2,292.18 3 0
core/internal/pim/postgres_repo.go:292.18,294.65 2 0
core/internal/pim/postgres_repo.go:294.65,296.4 1 0
core/internal/pim/postgres_repo.go:297.3,297.38 1 0
core/internal/pim/postgres_repo.go:299.2,299.31 1 0
core/internal/pim/postgres_repo.go:302.83,305.16 3 0
core/internal/pim/postgres_repo.go:305.16,307.3 1 0
core/internal/pim/postgres_repo.go:308.2,309.16 2 0
core/internal/pim/postgres_repo.go:309.16,311.3 1 0
core/internal/pim/postgres_repo.go:312.2,312.15 1 0
core/internal/pim/postgres_repo.go:312.15,314.3 1 0
core/internal/pim/postgres_repo.go:315.2,315.12 1 0
core/internal/pim/service.go:79.71,81.2 1 19
core/internal/pim/service.go:84.72,85.18 1 11
core/internal/pim/service.go:85.18,87.3 1 1
core/internal/pim/service.go:88.2,88.16 1 10
core/internal/pim/service.go:88.16,90.3 1 9
core/internal/pim/service.go:91.2,91.17 1 10
core/internal/pim/service.go:91.17,93.3 1 1
core/internal/pim/service.go:95.2,98.28 3 9
core/internal/pim/service.go:102.65,104.2 1 0
core/internal/pim/service.go:107.97,109.2 1 0
core/internal/pim/service.go:111.72,112.16 1 0
core/internal/pim/service.go:112.16,114.3 1 0
core/internal/pim/service.go:115.2,118.28 2 0
core/internal/pim/service.go:121.71,123.2 1 1
core/internal/pim/service.go:125.80,127.2 1 6
core/internal/pim/service.go:129.80,130.15 1 2
core/internal/pim/service.go:130.15,132.3 1 1
core/internal/pim/service.go:133.2,133.43 1 1
core/internal/pim/service.go:136.86,137.19 1 3
core/internal/pim/service.go:137.19,139.3 1 1
core/internal/pim/service.go:140.2,140.49 1 2
core/internal/pim/service.go:143.86,145.2 1 1
core/internal/pim/service.go:149.74,150.18 1 6
core/internal/pim/service.go:150.18,152.3 1 1
core/internal/pim/service.go:153.2,153.16 1 5
core/internal/pim/service.go:153.16,155.3 1 5
core/internal/pim/service.go:156.2,157.39 2 5
core/internal/pim/service.go:160.76,162.2 1 1
core/internal/pim/service.go:164.82,166.2 1 2
core/internal/pim/service.go:168.72,170.2 1 1
core/internal/transport/http/feed.go:47.72,49.16 2 0
core/internal/transport/http/feed.go:49.16,52.3 2 0
core/internal/transport/http/feed.go:54.2,68.29 2 0
core/internal/transport/http/feed.go:68.29,78.3 1 0
core/internal/transport/http/feed.go:80.2,83.58 4 0
core/internal/transport/http/feed.go:83.58,85.3 1 0
core/internal/transport/http/handler.go:15.48,17.2 1 0
core/internal/transport/http/handler.go:19.73,20.33 1 0
core/internal/transport/http/handler.go:20.33,23.3 2 0
core/internal/transport/http/handler.go:25.2,26.59 2 0
core/internal/transport/http/handler.go:26.59,29.3 2 0
core/internal/transport/http/handler.go:31.2,31.65 1 0
core/internal/transport/http/handler.go:31.65,34.3 2 0
core/internal/transport/http/handler.go:36.2,38.30 3 0
core/internal/transport/http/handler.go:41.72,42.32 1 0
core/internal/transport/http/handler.go:42.32,45.3 2 0
core/internal/transport/http/handler.go:48.2,54.56 3 0
core/internal/transport/http/handler.go:54.56,56.63 2 0
core/internal/transport/http/handler.go:56.63,58.4 1 0
core/internal/transport/http/handler.go:61.2,61.56 1 0
core/internal/transport/http/handler.go:61.56,63.63 2 0
core/internal/transport/http/handler.go:63.63,65.4 1 0
core/internal/transport/http/handler.go:68.2,72.104 3 0
core/internal/transport/http/handler.go:72.104,74.3 1 0
core/internal/transport/http/handler.go:74.8,76.3 1 0
core/internal/transport/http/handler.go:78.2,78.16 1 0
core/internal/transport/http/handler.go:78.16,81.3 2 0
core/internal/transport/http/handler.go:84.2,84.21 1 0
core/internal/transport/http/handler.go:84.21,86.3 1 0
core/internal/transport/http/handler.go:88.2,89.37 2 0
core/internal/transport/http/handler.go:92.73,93.32 1 0
core/internal/transport/http/handler.go:93.32,96.3 2 0
core/internal/transport/http/handler.go:99.2,100.14 2 0
core/internal/transport/http/handler.go:100.14,103.3 2 0
core/internal/transport/http/handler.go:105.2,106.59 2 0
core/internal/transport/http/handler.go:106.59,109.3 2 0
core/internal/transport/http/handler.go:110.2,112.65 2 0
core/internal/transport/http/handler.go:112.65,115.3 2 0
core/internal/transport/http/handler.go:117.2,118.30 2 0
core/internal/transport/http/handler.go:121.73,122.35 1 0
core/internal/transport/http/handler.go:122.35,125.3 2 0
core/internal/transport/http/handler.go:128.2,129.14 2 0
core/internal/transport/http/handler.go:129.14,132.3 2 0
core/internal/transport/http/handler.go:134.2,134.65 1 0
core/internal/transport/http/handler.go:134.65,137.3 2 0
core/internal/transport/http/handler.go:139.2,139.37 1 0
core/internal/transport/http/handler.go:142.70,143.32 1 0
core/internal/transport/http/handler.go:143.32,146.3 2 0
core/internal/transport/http/handler.go:149.2,150.14 2 0
core/internal/transport/http/handler.go:150.14,153.3 2 0
core/internal/transport/http/handler.go:155.2,156.16 2 0
core/internal/transport/http/handler.go:156.16,159.3 2 0
core/internal/transport/http/handler.go:161.2,162.36 2 0
core/internal/transport/http/handler.go:170.71,171.34 1 0
core/internal/transport/http/handler.go:171.34,174.3 2 0
core/internal/transport/http/handler.go:177.2,179.14 3 0
core/internal/transport/http/handler.go:179.14,182.3 2 0
core/internal/transport/http/handler.go:184.2,185.61 2 0
core/internal/transport/http/handler.go:185.61,188.3 2 0
core/internal/transport/http/handler.go:190.2,190.74 1 0
core/internal/transport/http/handler.go:190.74,193.3 2 0
core/internal/transport/http/handler.go:195.2,196.62 2 0
core/internal/transport/http/handler.go:199.74,200.33 1 0
core/internal/transport/http/handler.go:200.33,203.3 2 0
core/internal/transport/http/handler.go:206.2,208.14 3 0
core/internal/transport/http/handler.go:208.14,211.3 2 0
core/internal/transport/http/handler.go:213.2,214.61 2 0
core/internal/transport/http/handler.go:214.61,217.3 2 0
core/internal/transport/http/handler.go:219.2,219.80 1 0
core/internal/transport/http/handler.go:219.80,222.3 2 0
core/internal/transport/http/handler.go:224.2,225.62 2 0
core/internal/transport/http/handler.go:232.71,233.34 1 0
core/internal/transport/http/handler.go:233.34,236.3 2 0
core/internal/transport/http/handler.go:239.2,241.14 3 0
core/internal/transport/http/handler.go:241.14,244.3 2 0
core/internal/transport/http/handler.go:246.2,247.61 2 0
core/internal/transport/http/handler.go:247.61,250.3 2 0
core/internal/transport/http/handler.go:252.2,252.77 1 0
core/internal/transport/http/handler.go:252.77,255.3 2 0
core/internal/transport/http/handler.go:257.2,258.62 2 0
core/internal/transport/http/handler.go:263.74,264.33 1 0
core/internal/transport/http/handler.go:264.33,267.3 2 0
core/internal/transport/http/handler.go:269.2,270.59 2 0
core/internal/transport/http/handler.go:270.59,273.3 2 0
core/internal/transport/http/handler.go:275.2,275.66 1 0
core/internal/transport/http/handler.go:275.66,278.3 2 0
core/internal/transport/http/handler.go:280.2,282.30 3 0
core/internal/transport/http/handler.go:285.74,286.32 1 0
core/internal/transport/http/handler.go:286.32,289.3 2 0
core/internal/transport/http/handler.go:291.2,292.16 2 0
core/internal/transport/http/handler.go:292.16,295.3 2 0
core/internal/transport/http/handler.go:298.2,298.23 1 0
core/internal/transport/http/handler.go:298.23,300.3 1 0
core/internal/transport/http/handler.go:302.2,303.39 2 0
core/internal/transport/http/handler.go:306.71,307.32 1 0
core/internal/transport/http/handler.go:307.32,310.3 2 0
core/internal/transport/http/handler.go:312.2,313.14 2 0
core/internal/transport/http/handler.go:313.14,316.3 2 0
core/internal/transport/http/handler.go:318.2,319.16 2 0
core/internal/transport/http/handler.go:319.16,322.3 2 0
core/internal/transport/http/handler.go:324.2,325.37 2 0
core/internal/transport/http/handler.go:328.74,329.35 1 0
core/internal/transport/http/handler.go:329.35,332.3 2 0
core/internal/transport/http/handler.go:334.2,335.14 2 0
core/internal/transport/http/handler.go:335.14,338.3 2 0
core/internal/transport/http/handler.go:340.2,340.66 1 0
core/internal/transport/http/handler.go:340.66,343.3 2 0
core/internal/transport/http/handler.go:345.2,345.37 1 0
